2016-08-25 15:23:43,415 [   3296]   INFO -        #com.intellij.idea.Main - ------------------------------------------------------ IDE STARTED ------------------------------------------------------ 
2016-08-25 15:23:43,425 [   3306]   INFO -        #com.intellij.idea.Main - IDE: Android Studio (build #AI-143.3101438, 28 Jul 2016 00:00) 
2016-08-25 15:23:43,425 [   3306]   INFO -        #com.intellij.idea.Main - OS: Linux (4.4.0-34-generic, amd64) 
2016-08-25 15:23:43,425 [   3306]   INFO -        #com.intellij.idea.Main - JRE: 1.8.0_101-b13 (Oracle Corporation) 
2016-08-25 15:23:43,425 [   3306]   INFO -        #com.intellij.idea.Main - JVM: 25.101-b13 (Java HotSpot(TM) 64-Bit Server VM) 
2016-08-25 15:23:43,427 [   3308]   INFO -        #com.intellij.idea.Main - JVM Args: -Xbootclasspath/a:./../lib/boot.jar -Xms256m -Xmx1280m -XX:MaxPermSize=350m -XX:ReservedCodeCacheSize=240m -XX:+UseConcMarkSweepGC -XX:SoftRefLRUPolicyMSPerMB=50 -da -Djna.nosys=true -Djna.boot.library.path= -Djna.debug_load=true -Djna.debug_load.jna=true -Dsun.io.useCanonCaches=false -Djava.net.preferIPv4Stack=true -XX:+HeapDumpOnOutOfMemoryError -Dawt.useSystemAAFontSettings=on -Djb.vmOptionsFile=./studio64.vmoptions -XX:ErrorFile=/home/moony/java_error_in_STUDIO_%p.log -Djb.restart.code=88 -Didea.paths.selector=AndroidStudio2.1 -Didea.platform.prefix=AndroidStudio 
2016-08-25 15:23:43,428 [   3309]   INFO -        #com.intellij.idea.Main - ext: /home/moony/jdk1.8.0_101/jre/lib/ext: [nashorn.jar, sunec.jar, dnsns.jar, cldrdata.jar, jaccess.jar, zipfs.jar, jfxrt.jar, sunpkcs11.jar, localedata.jar, sunjce_provider.jar, meta-index] 
2016-08-25 15:23:43,456 [   3337]   INFO -        #com.intellij.idea.Main - JNA library loaded (64-bit) in 28 ms 
2016-08-25 15:23:43,530 [   3411]   INFO - .intellij.idea.IdeaApplication - WM detected: Compiz 
2016-08-25 15:23:44,212 [   4093]   INFO - llij.ide.plugins.PluginManager - Cannot find optional descriptor duplicates-groovy.xml 
2016-08-25 15:23:44,894 [   4775]   INFO - llij.ide.plugins.PluginManager - 30 plugins initialized in 1190 ms 
2016-08-25 15:23:44,895 [   4776]   INFO - llij.ide.plugins.PluginManager - Loaded bundled plugins: Android NDK Support (1.0), Android Support (10.2.1.3), CVS Integration (11), Copyright (8.1), Coverage (143.SNAPSHOT), EditorConfig (1.0), Git Integration (8.1), GitHub (143.SNAPSHOT), Google Analytics Uploader (1.0), Google App Indexing (0.1), Google Cloud Testing (1.0), Google Cloud Tools Core (0.2.8), Google Cloud Tools For Android Studio (0.2.8), Google Login (1.0), Google Services (0.1), Gradle (143.SNAPSHOT), Groovy (9.0), I18n for Java (143.SNAPSHOT), IDEA CORE (143.SNAPSHOT), IntelliLang (8.0), JUnit (1.0), Java Bytecode Decompiler (0.1), Properties Support (143.SNAPSHOT), SDK Updater (1.0), Settings Repository (143.SNAPSHOT), Subversion Integration (1.1), Task Management (1.0), Terminal (0.1), TestNG-J (8.0), hg4idea (10.0) 
2016-08-25 15:23:45,491 [   5372]   INFO - ellij.vfs.persistent.FSRecords - Marking VFS as corrupted: '/home/moony/custom/system/caches/names.dat' does not exist 
2016-08-25 15:23:45,493 [   5374]   INFO - ellij.util.io.PagedFileStorage - lower=100; upper=500; buffer=10; max=1286340608 
2016-08-25 15:23:45,520 [   5401]   INFO - pl.local.NativeFileWatcherImpl - Starting file watcher: /home/moony/Documents/android-studio/bin/fsnotifier64 
2016-08-25 15:23:45,528 [   5409]   INFO - pl.local.NativeFileWatcherImpl - Native file watcher is operational. 
2016-08-25 15:23:45,877 [   5758]   INFO - .history.utils.LocalHistoryLog - local history version mismatch (was: 0, expected: 6), rebuilding... 
2016-08-25 15:23:45,877 [   5758]   INFO - .history.utils.LocalHistoryLog - FS has been rebuild, rebuilding local history... 
2016-08-25 15:23:46,404 [   6285]   INFO - rains.ide.BuiltInServerManager - built-in server started, port 63342 
2016-08-25 15:23:47,521 [   7402]   INFO - ellij.project.impl.ProjectImpl - 20 project components initialized in 367 ms 
2016-08-25 15:23:47,521 [   7402]   INFO - le.impl.ModuleManagerComponent - 0 module(s) loaded in 0 ms 
2016-08-25 15:23:47,840 [   7721]   INFO - plication.impl.ApplicationImpl - 84 application components initialized in 4138 ms 
2016-08-25 15:23:47,859 [   7740]   INFO - .intellij.idea.IdeaApplication - App initialization took 8366 ms 
2016-08-25 15:23:48,865 [   8746]   INFO - oidStudioWelcomeScreenProvider - Downloading https://dl.google.com/android/repository/repository2-1.xml 
2016-08-25 15:23:50,581 [  10462]   INFO - oidStudioWelcomeScreenProvider - Downloading https://dl.google.com/android/repository/addons_list-3.xml 
2016-08-25 15:23:50,946 [  10827]   INFO - oidStudioWelcomeScreenProvider - Downloading https://dl.google.com/android/repository/sys-img/android/sys-img2-1.xml 
2016-08-25 15:23:51,279 [  11160]   INFO - oidStudioWelcomeScreenProvider - Downloading https://dl.google.com/android/repository/sys-img/android-wear/sys-img2-1.xml 
2016-08-25 15:23:51,513 [  11394]   INFO - oidStudioWelcomeScreenProvider - Downloading https://dl.google.com/android/repository/sys-img/android-tv/sys-img2-1.xml 
2016-08-25 15:23:54,175 [  14056]   INFO - oidStudioWelcomeScreenProvider - Downloading https://dl.google.com/android/repository/sys-img/google_apis/sys-img2-1.xml 
2016-08-25 15:23:54,504 [  14385]   INFO - oidStudioWelcomeScreenProvider - Downloading https://dl.google.com/android/repository/addon2-1.xml 
2016-08-25 15:23:55,528 [  15409]   INFO - oidStudioWelcomeScreenProvider - Downloading https://dl.google.com/android/repository/glass/addon2-1.xml 
2016-08-25 15:23:56,161 [  16042]   INFO - oidStudioWelcomeScreenProvider - Downloading https://dl.google.com/android/repository/extras/intel/addon2-1.xml 
2016-08-25 15:23:57,161 [  17042]   INFO - oidStudioWelcomeScreenProvider - Downloading https://dl.google.com/android/repository/repository-12.xml 
2016-08-25 15:23:57,750 [  17631]   INFO - .welcome.wizard.FirstRunWizard - Parsing /home/moony/Android/Sdk/platforms/android-24/package.xml 
2016-08-25 15:23:57,811 [  17692]   INFO - .welcome.wizard.FirstRunWizard - Parsing /home/moony/Android/Sdk/platforms/android-22/package.xml 
2016-08-25 15:23:57,819 [  17700]   INFO - .welcome.wizard.FirstRunWizard - Parsing /home/moony/Android/Sdk/platforms/android-21/package.xml 
2016-08-25 15:23:57,831 [  17712]   INFO - .welcome.wizard.FirstRunWizard - Parsing /home/moony/Android/Sdk/platforms/android-23/package.xml 
2016-08-25 15:23:57,839 [  17720]   INFO - .welcome.wizard.FirstRunWizard - Parsing /home/moony/Android/Sdk/extras/google/m2repository/package.xml 
2016-08-25 15:23:57,857 [  17738]   INFO - .welcome.wizard.FirstRunWizard - Parsing /home/moony/Android/Sdk/extras/android/m2repository/package.xml 
2016-08-25 15:23:57,873 [  17754]   INFO - .welcome.wizard.FirstRunWizard - Parsing /home/moony/Android/Sdk/sources/android-22/package.xml 
2016-08-25 15:23:57,888 [  17769]   INFO - .welcome.wizard.FirstRunWizard - Parsing /home/moony/Android/Sdk/sources/android-21/package.xml 
2016-08-25 15:23:57,899 [  17780]   INFO - .welcome.wizard.FirstRunWizard - Parsing /home/moony/Android/Sdk/sources/android-23/package.xml 
2016-08-25 15:23:57,911 [  17792]   INFO - .welcome.wizard.FirstRunWizard - Parsing /home/moony/Android/Sdk/platform-tools/package.xml 
2016-08-25 15:23:57,921 [  17802]   INFO - .welcome.wizard.FirstRunWizard - Parsing /home/moony/Android/Sdk/tools/package.xml 
2016-08-25 15:23:57,934 [  17815]   INFO - .welcome.wizard.FirstRunWizard - Parsing /home/moony/Android/Sdk/build-tools/24.0.1/package.xml 
2016-08-25 15:23:57,939 [  17820]   INFO - .welcome.wizard.FirstRunWizard - Parsing /home/moony/Android/Sdk/build-tools/23.0.3/package.xml 
2016-08-25 15:23:57,952 [  17833]   INFO - .welcome.wizard.FirstRunWizard - Parsing /home/moony/Android/Sdk/build-tools/22.0.1/package.xml 
2016-08-25 15:23:57,960 [  17841]   INFO - .welcome.wizard.FirstRunWizard - Parsing /home/moony/Android/Sdk/build-tools/23.0.1/package.xml 
2016-08-25 15:23:58,504 [  18385]   INFO - rtup.GradleSpecificInitializer - Found Studio home directory at: '/home/moony/Documents/android-studio' 
2016-08-25 15:23:58,505 [  18386]   INFO - rtup.GradleSpecificInitializer - Looking for Android SDK at '/home/moony/Documents/android-studio/sdk' 
2016-08-25 15:23:58,506 [  18387]   INFO - rtup.GradleSpecificInitializer - Looking for Android SDK at '/home/moony/Documents/sdk' 
2016-08-25 15:23:58,506 [  18387]   INFO - rtup.GradleSpecificInitializer - Unable to locate SDK within the Android studio installation. 
2016-08-25 15:23:58,506 [  18387]   INFO - rtup.GradleSpecificInitializer - Checking if ANDROID_HOME is set: 'ANDROID_HOME' is 'null' 
2016-08-25 15:23:58,509 [  18390]   INFO - rtup.GradleSpecificInitializer - Unable to locate last SDK used by Android tools 
2016-08-25 15:23:58,520 [  18401]   INFO - .startup.AndroidSdkInitializer - Found Studio home directory at: '/home/moony/Documents/android-studio' 
2016-08-25 15:23:58,520 [  18401]   INFO - .startup.AndroidSdkInitializer - Looking for Android SDK at '/home/moony/Documents/android-studio/sdk' 
2016-08-25 15:23:58,520 [  18401]   INFO - .startup.AndroidSdkInitializer - Looking for Android SDK at '/home/moony/Documents/sdk' 
2016-08-25 15:23:58,520 [  18401]   INFO - .startup.AndroidSdkInitializer - Unable to locate SDK within the Android studio installation. 
2016-08-25 15:23:58,520 [  18401]   INFO - .startup.AndroidSdkInitializer - Checking if ANDROID_HOME is set: 'ANDROID_HOME' is 'null' 
2016-08-25 15:23:58,520 [  18401]   INFO - .startup.AndroidSdkInitializer - Unable to locate last SDK used by Android tools 
2016-08-25 15:24:07,906 [  27787]   INFO - ome.install.ComponentInstaller - Parsing /home/moony/Android/Sdk/platforms/android-24/package.xml 
2016-08-25 15:24:07,913 [  27794]   INFO - ome.install.ComponentInstaller - Parsing /home/moony/Android/Sdk/platforms/android-22/package.xml 
2016-08-25 15:24:07,918 [  27799]   INFO - ome.install.ComponentInstaller - Parsing /home/moony/Android/Sdk/platforms/android-21/package.xml 
2016-08-25 15:24:07,923 [  27804]   INFO - ome.install.ComponentInstaller - Parsing /home/moony/Android/Sdk/platforms/android-23/package.xml 
2016-08-25 15:24:07,927 [  27808]   INFO - ome.install.ComponentInstaller - Parsing /home/moony/Android/Sdk/extras/google/m2repository/package.xml 
2016-08-25 15:24:07,933 [  27814]   INFO - ome.install.ComponentInstaller - Parsing /home/moony/Android/Sdk/extras/android/m2repository/package.xml 
2016-08-25 15:24:07,939 [  27820]   INFO - ome.install.ComponentInstaller - Parsing /home/moony/Android/Sdk/sources/android-22/package.xml 
2016-08-25 15:24:07,946 [  27827]   INFO - ome.install.ComponentInstaller - Parsing /home/moony/Android/Sdk/sources/android-21/package.xml 
2016-08-25 15:24:07,952 [  27833]   INFO - ome.install.ComponentInstaller - Parsing /home/moony/Android/Sdk/sources/android-23/package.xml 
2016-08-25 15:24:07,958 [  27839]   INFO - ome.install.ComponentInstaller - Parsing /home/moony/Android/Sdk/platform-tools/package.xml 
2016-08-25 15:24:07,963 [  27844]   INFO - ome.install.ComponentInstaller - Parsing /home/moony/Android/Sdk/tools/package.xml 
2016-08-25 15:24:07,967 [  27848]   INFO - ome.install.ComponentInstaller - Parsing /home/moony/Android/Sdk/build-tools/24.0.1/package.xml 
2016-08-25 15:24:07,971 [  27852]   INFO - ome.install.ComponentInstaller - Parsing /home/moony/Android/Sdk/build-tools/23.0.3/package.xml 
2016-08-25 15:24:07,976 [  27857]   INFO - ome.install.ComponentInstaller - Parsing /home/moony/Android/Sdk/build-tools/22.0.1/package.xml 
2016-08-25 15:24:07,980 [  27861]   INFO - ome.install.ComponentInstaller - Parsing /home/moony/Android/Sdk/build-tools/23.0.1/package.xml 
2016-08-25 15:24:07,986 [  27867]   INFO - ome.install.ComponentInstaller - Downloading https://dl.google.com/android/repository/repository2-1.xml 
2016-08-25 15:24:12,310 [  32191]   INFO - ome.install.ComponentInstaller - Downloading https://dl.google.com/android/repository/sys-img/android/sys-img2-1.xml 
2016-08-25 15:24:12,568 [  32449]   INFO - ome.install.ComponentInstaller - Downloading https://dl.google.com/android/repository/sys-img/android-wear/sys-img2-1.xml 
2016-08-25 15:24:12,799 [  32680]   INFO - ome.install.ComponentInstaller - Downloading https://dl.google.com/android/repository/sys-img/android-tv/sys-img2-1.xml 
2016-08-25 15:24:13,390 [  33271]   INFO - ome.install.ComponentInstaller - Downloading https://dl.google.com/android/repository/sys-img/google_apis/sys-img2-1.xml 
2016-08-25 15:24:13,632 [  33513]   INFO - ome.install.ComponentInstaller - Downloading https://dl.google.com/android/repository/addon2-1.xml 
2016-08-25 15:24:14,602 [  34483]   INFO - ome.install.ComponentInstaller - Downloading https://dl.google.com/android/repository/glass/addon2-1.xml 
2016-08-25 15:24:14,859 [  34740]   INFO - ome.install.ComponentInstaller - Downloading https://dl.google.com/android/repository/extras/intel/addon2-1.xml 
2016-08-25 15:24:15,121 [  35002]   INFO - ome.install.ComponentInstaller - Downloading https://dl.google.com/android/repository/repository-12.xml 
2016-08-25 15:24:28,972 [  48853]  ERROR - lij.openapi.util.io.StreamUtil - Connection has been shutdown: javax.net.ssl.SSLException: Unsupported record version Unknown-141.205 
javax.net.ssl.SSLException: Connection has been shutdown: javax.net.ssl.SSLException: Unsupported record version Unknown-141.205
	at sun.security.ssl.SSLSocketImpl.checkEOF(SSLSocketImpl.java:1541)
	at sun.security.ssl.AppInputStream.available(AppInputStream.java:60)
	at java.io.BufferedInputStream.available(BufferedInputStream.java:410)
	at sun.net.www.MeteredStream.available(MeteredStream.java:170)
	at sun.net.www.http.KeepAliveStream.close(KeepAliveStream.java:85)
	at java.io.FilterInputStream.close(FilterInputStream.java:181)
	at sun.net.www.protocol.http.HttpURLConnection$HttpInputStream.close(HttpURLConnection.java:3409)
	at com.intellij.openapi.util.io.StreamUtil.closeStream(StreamUtil.java:136)
	at com.intellij.util.io.HttpRequests$1RequestImpl.cleanup(HttpRequests.java:187)
	at com.intellij.util.io.HttpRequests$1RequestImpl.access$100(HttpRequests.java:130)
	at com.intellij.util.io.HttpRequests.process(HttpRequests.java:235)
	at com.intellij.util.io.RequestBuilder.connect(RequestBuilder.java:128)
	at com.intellij.util.io.RequestBuilder.saveToFile(RequestBuilder.java:145)
	at com.android.tools.idea.sdkv2.StudioDownloader.downloadFully(StudioDownloader.java:83)
	at com.android.repository.impl.installer.BasicInstaller.install(BasicInstaller.java:88)
	at com.android.tools.idea.welcome.install.ComponentInstaller.installPackages(ComponentInstaller.java:84)
	at com.android.tools.idea.welcome.install.InstallComponentsOperation.perform(InstallComponentsOperation.java:72)
	at com.android.tools.idea.welcome.install.InstallComponentsOperation.perform(InstallComponentsOperation.java:34)
	at com.android.tools.idea.welcome.install.InstallOperation$1.compute(InstallOperation.java:80)
	at com.android.tools.idea.welcome.install.InstallContext$Wrapper.run(InstallContext.java:126)
	at com.intellij.openapi.progress.impl.CoreProgressManager.registerIndicatorAndRun(CoreProgressManager.java:446)
	at com.intellij.openapi.progress.impl.CoreProgressManager.registerIndicatorAndRun(CoreProgressManager.java:443)
	at com.intellij.openapi.progress.impl.CoreProgressManager.executeProcessUnderProgress(CoreProgressManager.java:392)
	at com.intellij.openapi.progress.impl.ProgressManagerImpl.executeProcessUnderProgress(ProgressManagerImpl.java:54)
	at com.android.tools.idea.welcome.wizard.ProgressStep.run(ProgressStep.java:170)
	at com.android.tools.idea.welcome.install.InstallContext.run(InstallContext.java:76)
	at com.android.tools.idea.welcome.install.InstallOperation.execute(InstallOperation.java:72)
	at com.android.tools.idea.welcome.install.InstallOperation$OperationChain.perform(InstallOperation.java:151)
	at com.android.tools.idea.welcome.install.InstallOperation.execute(InstallOperation.java:68)
	at com.android.tools.idea.welcome.install.InstallOperation$OperationChain.perform(InstallOperation.java:149)
	at com.android.tools.idea.welcome.install.InstallOperation.execute(InstallOperation.java:68)
	at com.android.tools.idea.welcome.install.InstallOperation$OperationChain.perform(InstallOperation.java:149)
	at com.android.tools.idea.welcome.install.InstallOperation.execute(InstallOperation.java:68)
	at com.android.tools.idea.welcome.wizard.InstallComponentsPath.runLongOperation(InstallComponentsPath.java:295)
	at com.android.tools.idea.welcome.wizard.ConsolidatedProgressStep.doLongRunningOperation(ConsolidatedProgressStep.java:78)
	at com.android.tools.idea.welcome.wizard.ConsolidatedProgressStep.access$000(ConsolidatedProgressStep.java:32)
	at com.android.tools.idea.welcome.wizard.ConsolidatedProgressStep$1.run(ConsolidatedProgressStep.java:58)
	at com.android.tools.idea.welcome.wizard.FirstRunWizardHost$LongRunningOperationWrapper.run(FirstRunWizardHost.java:444)
	at com.intellij.openapi.progress.impl.CoreProgressManager$TaskRunnable.run(CoreProgressManager.java:563)
	at com.intellij.openapi.progress.impl.CoreProgressManager$2.run(CoreProgressManager.java:142)
	at com.intellij.openapi.progress.impl.CoreProgressManager.registerIndicatorAndRun(CoreProgressManager.java:446)
	at com.intellij.openapi.progress.impl.CoreProgressManager.executeProcessUnderProgress(CoreProgressManager.java:392)
	at com.intellij.openapi.progress.impl.ProgressManagerImpl.executeProcessUnderProgress(ProgressManagerImpl.java:54)
	at com.intellij.openapi.progress.impl.CoreProgressManager.runProcess(CoreProgressManager.java:127)
	at com.intellij.openapi.progress.impl.ProgressManagerImpl$1.run(ProgressManagerImpl.java:126)
	at com.intellij.openapi.application.impl.ApplicationImpl$8.run(ApplicationImpl.java:366)
	at java.util.concurrent.Executors$RunnableAdapter.call(Executors.java:511)
	at java.util.concurrent.FutureTask.run(FutureTask.java:266)
	at java.util.concurrent.ThreadPoolExecutor.runWorker(ThreadPoolExecutor.java:1142)
	at java.util.concurrent.ThreadPoolExecutor$Worker.run(ThreadPoolExecutor.java:617)
	at java.lang.Thread.run(Thread.java:745)
	at org.jetbrains.ide.PooledThreadExecutor$1$1.run(PooledThreadExecutor.java:55)
Caused by: javax.net.ssl.SSLException: Unsupported record version Unknown-141.205
	at sun.security.ssl.InputRecord.checkRecordVersion(InputRecord.java:552)
	at sun.security.ssl.InputRecord.readV3Record(InputRecord.java:565)
	at sun.security.ssl.InputRecord.read(InputRecord.java:532)
	at sun.security.ssl.SSLSocketImpl.readRecord(SSLSocketImpl.java:973)
	at sun.security.ssl.SSLSocketImpl.readDataRecord(SSLSocketImpl.java:930)
	at sun.security.ssl.AppInputStream.read(AppInputStream.java:105)
	at java.io.BufferedInputStream.read1(BufferedInputStream.java:284)
	at java.io.BufferedInputStream.read(BufferedInputStream.java:345)
	at sun.net.www.MeteredStream.read(MeteredStream.java:134)
	at java.io.FilterInputStream.read(FilterInputStream.java:133)
	at sun.net.www.protocol.http.HttpURLConnection$HttpInputStream.read(HttpURLConnection.java:3336)
	at sun.net.www.protocol.http.HttpURLConnection$HttpInputStream.read(HttpURLConnection.java:3329)
	at com.intellij.util.net.NetUtils.copyStreamContent(NetUtils.java:208)
	at com.intellij.util.io.HttpRequests$1RequestImpl.saveToFile(HttpRequests.java:210)
	at com.intellij.util.io.RequestBuilder$1.process(RequestBuilder.java:148)
	at com.intellij.util.io.RequestBuilder$1.process(RequestBuilder.java:145)
	at com.intellij.util.io.HttpRequests.process(HttpRequests.java:232)
	... 41 more
2016-08-25 15:24:28,975 [  48856]  ERROR - lij.openapi.util.io.StreamUtil - Android Studio 2.1.3  Build #AI-143.3101438 
2016-08-25 15:24:28,975 [  48856]  ERROR - lij.openapi.util.io.StreamUtil - JDK: 1.8.0_101 
2016-08-25 15:24:28,975 [  48856]  ERROR - lij.openapi.util.io.StreamUtil - VM: Java HotSpot(TM) 64-Bit Server VM 
2016-08-25 15:24:28,975 [  48856]  ERROR - lij.openapi.util.io.StreamUtil - Vendor: Oracle Corporation 
2016-08-25 15:24:28,975 [  48856]  ERROR - lij.openapi.util.io.StreamUtil - OS: Linux 
2016-08-25 15:24:28,976 [  48857]  ERROR - lij.openapi.util.io.StreamUtil - Last Action:  
2016-08-25 15:24:32,410 [  52291]  ERROR - lij.openapi.util.io.StreamUtil - Connection has been shutdown: javax.net.ssl.SSLException: Tag mismatch! 
javax.net.ssl.SSLException: Connection has been shutdown: javax.net.ssl.SSLException: Tag mismatch!
	at sun.security.ssl.SSLSocketImpl.checkEOF(SSLSocketImpl.java:1541)
	at sun.security.ssl.AppInputStream.available(AppInputStream.java:60)
	at java.io.BufferedInputStream.available(BufferedInputStream.java:410)
	at sun.net.www.MeteredStream.available(MeteredStream.java:170)
	at sun.net.www.http.KeepAliveStream.close(KeepAliveStream.java:85)
	at java.io.FilterInputStream.close(FilterInputStream.java:181)
	at sun.net.www.protocol.http.HttpURLConnection$HttpInputStream.close(HttpURLConnection.java:3409)
	at com.intellij.openapi.util.io.StreamUtil.closeStream(StreamUtil.java:136)
	at com.intellij.util.io.HttpRequests$1RequestImpl.cleanup(HttpRequests.java:187)
	at com.intellij.util.io.HttpRequests$1RequestImpl.access$100(HttpRequests.java:130)
	at com.intellij.util.io.HttpRequests.process(HttpRequests.java:235)
	at com.intellij.util.io.RequestBuilder.connect(RequestBuilder.java:128)
	at com.intellij.util.io.RequestBuilder.saveToFile(RequestBuilder.java:145)
	at com.android.tools.idea.sdkv2.StudioDownloader.downloadFully(StudioDownloader.java:83)
	at com.android.repository.impl.installer.BasicInstaller.install(BasicInstaller.java:88)
	at com.android.tools.idea.welcome.install.ComponentInstaller.installPackages(ComponentInstaller.java:84)
	at com.android.tools.idea.welcome.install.InstallComponentsOperation.perform(InstallComponentsOperation.java:72)
	at com.android.tools.idea.welcome.install.InstallComponentsOperation.perform(InstallComponentsOperation.java:34)
	at com.android.tools.idea.welcome.install.InstallOperation$1.compute(InstallOperation.java:80)
	at com.android.tools.idea.welcome.install.InstallContext$Wrapper.run(InstallContext.java:126)
	at com.intellij.openapi.progress.impl.CoreProgressManager.registerIndicatorAndRun(CoreProgressManager.java:446)
	at com.intellij.openapi.progress.impl.CoreProgressManager.registerIndicatorAndRun(CoreProgressManager.java:443)
	at com.intellij.openapi.progress.impl.CoreProgressManager.executeProcessUnderProgress(CoreProgressManager.java:392)
	at com.intellij.openapi.progress.impl.ProgressManagerImpl.executeProcessUnderProgress(ProgressManagerImpl.java:54)
	at com.android.tools.idea.welcome.wizard.ProgressStep.run(ProgressStep.java:170)
	at com.android.tools.idea.welcome.install.InstallContext.run(InstallContext.java:76)
	at com.android.tools.idea.welcome.install.InstallOperation.execute(InstallOperation.java:72)
	at com.android.tools.idea.welcome.install.InstallOperation$OperationChain.perform(InstallOperation.java:151)
	at com.android.tools.idea.welcome.install.InstallOperation.execute(InstallOperation.java:68)
	at com.android.tools.idea.welcome.install.InstallOperation$OperationChain.perform(InstallOperation.java:149)
	at com.android.tools.idea.welcome.install.InstallOperation.execute(InstallOperation.java:68)
	at com.android.tools.idea.welcome.install.InstallOperation$OperationChain.perform(InstallOperation.java:149)
	at com.android.tools.idea.welcome.install.InstallOperation.execute(InstallOperation.java:68)
	at com.android.tools.idea.welcome.wizard.InstallComponentsPath.runLongOperation(InstallComponentsPath.java:295)
	at com.android.tools.idea.welcome.wizard.ConsolidatedProgressStep.doLongRunningOperation(ConsolidatedProgressStep.java:78)
	at com.android.tools.idea.welcome.wizard.ConsolidatedProgressStep.access$000(ConsolidatedProgressStep.java:32)
	at com.android.tools.idea.welcome.wizard.ConsolidatedProgressStep$1.run(ConsolidatedProgressStep.java:58)
	at com.android.tools.idea.welcome.wizard.FirstRunWizardHost$LongRunningOperationWrapper.run(FirstRunWizardHost.java:444)
	at com.intellij.openapi.progress.impl.CoreProgressManager$TaskRunnable.run(CoreProgressManager.java:563)
	at com.intellij.openapi.progress.impl.CoreProgressManager$2.run(CoreProgressManager.java:142)
	at com.intellij.openapi.progress.impl.CoreProgressManager.registerIndicatorAndRun(CoreProgressManager.java:446)
	at com.intellij.openapi.progress.impl.CoreProgressManager.executeProcessUnderProgress(CoreProgressManager.java:392)
	at com.intellij.openapi.progress.impl.ProgressManagerImpl.executeProcessUnderProgress(ProgressManagerImpl.java:54)
	at com.intellij.openapi.progress.impl.CoreProgressManager.runProcess(CoreProgressManager.java:127)
	at com.intellij.openapi.progress.impl.ProgressManagerImpl$1.run(ProgressManagerImpl.java:126)
	at com.intellij.openapi.application.impl.ApplicationImpl$8.run(ApplicationImpl.java:366)
	at java.util.concurrent.Executors$RunnableAdapter.call(Executors.java:511)
	at java.util.concurrent.FutureTask.run(FutureTask.java:266)
	at java.util.concurrent.ThreadPoolExecutor.runWorker(ThreadPoolExecutor.java:1142)
	at java.util.concurrent.ThreadPoolExecutor$Worker.run(ThreadPoolExecutor.java:617)
	at java.lang.Thread.run(Thread.java:745)
	at org.jetbrains.ide.PooledThreadExecutor$1$1.run(PooledThreadExecutor.java:55)
Caused by: javax.net.ssl.SSLException: Tag mismatch!
	at sun.security.ssl.Alerts.getSSLException(Alerts.java:208)
	at sun.security.ssl.SSLSocketImpl.fatal(SSLSocketImpl.java:1949)
	at sun.security.ssl.SSLSocketImpl.readRecord(SSLSocketImpl.java:1020)
	at sun.security.ssl.SSLSocketImpl.readDataRecord(SSLSocketImpl.java:930)
	at sun.security.ssl.AppInputStream.read(AppInputStream.java:105)
	at java.io.BufferedInputStream.read1(BufferedInputStream.java:284)
	at java.io.BufferedInputStream.read(BufferedInputStream.java:345)
	at sun.net.www.MeteredStream.read(MeteredStream.java:134)
	at java.io.FilterInputStream.read(FilterInputStream.java:133)
	at sun.net.www.protocol.http.HttpURLConnection$HttpInputStream.read(HttpURLConnection.java:3336)
	at sun.net.www.protocol.http.HttpURLConnection$HttpInputStream.read(HttpURLConnection.java:3329)
	at com.intellij.util.net.NetUtils.copyStreamContent(NetUtils.java:208)
	at com.intellij.util.io.HttpRequests$1RequestImpl.saveToFile(HttpRequests.java:210)
	at com.intellij.util.io.RequestBuilder$1.process(RequestBuilder.java:148)
	at com.intellij.util.io.RequestBuilder$1.process(RequestBuilder.java:145)
	at com.intellij.util.io.HttpRequests.process(HttpRequests.java:232)
	... 41 more
Caused by: javax.crypto.AEADBadTagException: Tag mismatch!
	at com.sun.crypto.provider.GaloisCounterMode.decryptFinal(GaloisCounterMode.java:578)
	at com.sun.crypto.provider.CipherCore.finalNoPadding(CipherCore.java:1032)
	at com.sun.crypto.provider.CipherCore.doFinal(CipherCore.java:969)
	at com.sun.crypto.provider.AESCipher.engineDoFinal(AESCipher.java:491)
	at javax.crypto.Cipher.doFinal(Cipher.java:2377)
	at sun.security.ssl.CipherBox.decrypt(CipherBox.java:461)
	at sun.security.ssl.InputRecord.decrypt(InputRecord.java:172)
	at sun.security.ssl.SSLSocketImpl.readRecord(SSLSocketImpl.java:1015)
	... 54 more
2016-08-25 15:24:32,411 [  52292]  ERROR - lij.openapi.util.io.StreamUtil - Android Studio 2.1.3  Build #AI-143.3101438 
2016-08-25 15:24:32,412 [  52293]  ERROR - lij.openapi.util.io.StreamUtil - JDK: 1.8.0_101 
2016-08-25 15:24:32,412 [  52293]  ERROR - lij.openapi.util.io.StreamUtil - VM: Java HotSpot(TM) 64-Bit Server VM 
2016-08-25 15:24:32,412 [  52293]  ERROR - lij.openapi.util.io.StreamUtil - Vendor: Oracle Corporation 
2016-08-25 15:24:32,412 [  52293]  ERROR - lij.openapi.util.io.StreamUtil - OS: Linux 
2016-08-25 15:24:32,412 [  52293]  ERROR - lij.openapi.util.io.StreamUtil - Last Action:  
2016-08-25 15:24:33,795 [  53676]  ERROR - ard.ConsolidatedProgressStep$1 - java.io.IOException: Cannot download 'https://dl.google.com/android/repository/build-tools_r24.0.2-linux.zip': Unsupported record version Unknown-141.205
, response: 200 OK
Warning: An error occurred during installation: Cannot download 'https://dl.google.com/android/repository/build-tools_r24.0.2-linux.zip': Unsupported record version Unknown-141.205
, response: 200 OK.
java.io.IOException: Cannot download 'https://dl.google.com/android/repository/sources-24_r01.zip': Tag mismatch!
, response: 200 OK
Warning: An error occurred during installation: Cannot download 'https://dl.google.com/android/repository/sources-24_r01.zip': Tag mismatch!
, response: 200 OK.
 
com.android.tools.idea.welcome.install.WizardException: java.io.IOException: Cannot download 'https://dl.google.com/android/repository/build-tools_r24.0.2-linux.zip': Unsupported record version Unknown-141.205
, response: 200 OK
Warning: An error occurred during installation: Cannot download 'https://dl.google.com/android/repository/build-tools_r24.0.2-linux.zip': Unsupported record version Unknown-141.205
, response: 200 OK.
java.io.IOException: Cannot download 'https://dl.google.com/android/repository/sources-24_r01.zip': Tag mismatch!
, response: 200 OK
Warning: An error occurred during installation: Cannot download 'https://dl.google.com/android/repository/sources-24_r01.zip': Tag mismatch!
, response: 200 OK.

	at com.android.tools.idea.welcome.install.InstallOperation.promptToRetry(InstallOperation.java:109)
	at com.android.tools.idea.welcome.install.InstallComponentsOperation.perform(InstallComponentsOperation.java:78)
	at com.android.tools.idea.welcome.install.InstallComponentsOperation.perform(InstallComponentsOperation.java:34)
	at com.android.tools.idea.welcome.install.InstallOperation$1.compute(InstallOperation.java:80)
	at com.android.tools.idea.welcome.install.InstallContext$Wrapper.run(InstallContext.java:126)
	at com.intellij.openapi.progress.impl.CoreProgressManager.registerIndicatorAndRun(CoreProgressManager.java:446)
	at com.intellij.openapi.progress.impl.CoreProgressManager.registerIndicatorAndRun(CoreProgressManager.java:443)
	at com.intellij.openapi.progress.impl.CoreProgressManager.executeProcessUnderProgress(CoreProgressManager.java:392)
	at com.intellij.openapi.progress.impl.ProgressManagerImpl.executeProcessUnderProgress(ProgressManagerImpl.java:54)
	at com.android.tools.idea.welcome.wizard.ProgressStep.run(ProgressStep.java:170)
	at com.android.tools.idea.welcome.install.InstallContext.run(InstallContext.java:76)
	at com.android.tools.idea.welcome.install.InstallOperation.execute(InstallOperation.java:72)
	at com.android.tools.idea.welcome.install.InstallOperation$OperationChain.perform(InstallOperation.java:151)
	at com.android.tools.idea.welcome.install.InstallOperation.execute(InstallOperation.java:68)
	at com.android.tools.idea.welcome.install.InstallOperation$OperationChain.perform(InstallOperation.java:149)
	at com.android.tools.idea.welcome.install.InstallOperation.execute(InstallOperation.java:68)
	at com.android.tools.idea.welcome.install.InstallOperation$OperationChain.perform(InstallOperation.java:149)
	at com.android.tools.idea.welcome.install.InstallOperation.execute(InstallOperation.java:68)
	at com.android.tools.idea.welcome.wizard.InstallComponentsPath.runLongOperation(InstallComponentsPath.java:295)
	at com.android.tools.idea.welcome.wizard.ConsolidatedProgressStep.doLongRunningOperation(ConsolidatedProgressStep.java:78)
	at com.android.tools.idea.welcome.wizard.ConsolidatedProgressStep.access$000(ConsolidatedProgressStep.java:32)
	at com.android.tools.idea.welcome.wizard.ConsolidatedProgressStep$1.run(ConsolidatedProgressStep.java:58)
	at com.android.tools.idea.welcome.wizard.FirstRunWizardHost$LongRunningOperationWrapper.run(FirstRunWizardHost.java:444)
	at com.intellij.openapi.progress.impl.CoreProgressManager$TaskRunnable.run(CoreProgressManager.java:563)
	at com.intellij.openapi.progress.impl.CoreProgressManager$2.run(CoreProgressManager.java:142)
	at com.intellij.openapi.progress.impl.CoreProgressManager.registerIndicatorAndRun(CoreProgressManager.java:446)
	at com.intellij.openapi.progress.impl.CoreProgressManager.executeProcessUnderProgress(CoreProgressManager.java:392)
	at com.intellij.openapi.progress.impl.ProgressManagerImpl.executeProcessUnderProgress(ProgressManagerImpl.java:54)
	at com.intellij.openapi.progress.impl.CoreProgressManager.runProcess(CoreProgressManager.java:127)
	at com.intellij.openapi.progress.impl.ProgressManagerImpl$1.run(ProgressManagerImpl.java:126)
	at com.intellij.openapi.application.impl.ApplicationImpl$8.run(ApplicationImpl.java:366)
	at java.util.concurrent.Executors$RunnableAdapter.call(Executors.java:511)
	at java.util.concurrent.FutureTask.run(FutureTask.java:266)
	at java.util.concurrent.ThreadPoolExecutor.runWorker(ThreadPoolExecutor.java:1142)
	at java.util.concurrent.ThreadPoolExecutor$Worker.run(ThreadPoolExecutor.java:617)
	at java.lang.Thread.run(Thread.java:745)
	at org.jetbrains.ide.PooledThreadExecutor$1$1.run(PooledThreadExecutor.java:55)
2016-08-25 15:24:33,796 [  53677]  ERROR - ard.ConsolidatedProgressStep$1 - Android Studio 2.1.3  Build #AI-143.3101438 
2016-08-25 15:24:33,796 [  53677]  ERROR - ard.ConsolidatedProgressStep$1 - JDK: 1.8.0_101 
2016-08-25 15:24:33,796 [  53677]  ERROR - ard.ConsolidatedProgressStep$1 - VM: Java HotSpot(TM) 64-Bit Server VM 
2016-08-25 15:24:33,796 [  53677]  ERROR - ard.ConsolidatedProgressStep$1 - Vendor: Oracle Corporation 
2016-08-25 15:24:33,796 [  53677]  ERROR - ard.ConsolidatedProgressStep$1 - OS: Linux 
2016-08-25 15:24:33,796 [  53677]  ERROR - ard.ConsolidatedProgressStep$1 - Last Action:  
2016-08-25 15:24:34,921 [  54802]  ERROR - plication.impl.ApplicationImpl - Write access is allowed from event dispatch thread only 
com.intellij.diagnostic.LogEventException: Write access is allowed from event dispatch thread only
	at com.intellij.openapi.application.impl.ApplicationImpl.assertIsDispatchThread(ApplicationImpl.java:1117)
	at com.intellij.openapi.application.impl.ApplicationImpl.startWrite(ApplicationImpl.java:1223)
	at com.intellij.openapi.application.impl.ApplicationImpl.runWriteAction(ApplicationImpl.java:1008)
	at com.android.tools.idea.welcome.wizard.SetupJdkPath.performFinishingActions(SetupJdkPath.java:102)
	at com.android.tools.idea.wizard.dynamic.DynamicWizard.doFinish(DynamicWizard.java:682)
	at com.android.tools.idea.wizard.dynamic.DynamicWizard$1.run(DynamicWizard.java:442)
	at com.intellij.openapi.progress.impl.CoreProgressManager$5.run(CoreProgressManager.java:227)
	at com.intellij.openapi.progress.impl.CoreProgressManager$TaskRunnable.run(CoreProgressManager.java:563)
	at com.intellij.openapi.progress.impl.CoreProgressManager$8.run(CoreProgressManager.java:357)
	at com.intellij.openapi.progress.impl.CoreProgressManager$2.run(CoreProgressManager.java:142)
	at com.intellij.openapi.progress.impl.CoreProgressManager.registerIndicatorAndRun(CoreProgressManager.java:446)
	at com.intellij.openapi.progress.impl.CoreProgressManager.executeProcessUnderProgress(CoreProgressManager.java:392)
	at com.intellij.openapi.progress.impl.ProgressManagerImpl.executeProcessUnderProgress(ProgressManagerImpl.java:54)
	at com.intellij.openapi.progress.impl.CoreProgressManager.runProcess(CoreProgressManager.java:127)
	at com.intellij.openapi.application.impl.ApplicationImpl$14$1.run(ApplicationImpl.java:634)
	at com.intellij.openapi.application.impl.ApplicationImpl$8.run(ApplicationImpl.java:366)
	at java.util.concurrent.Executors$RunnableAdapter.call(Executors.java:511)
	at java.util.concurrent.FutureTask.run(FutureTask.java:266)
	at java.util.concurrent.ThreadPoolExecutor.runWorker(ThreadPoolExecutor.java:1142)
	at java.util.concurrent.ThreadPoolExecutor$Worker.run(ThreadPoolExecutor.java:617)
	at java.lang.Thread.run(Thread.java:745)
	at org.jetbrains.ide.PooledThreadExecutor$1$1.run(PooledThreadExecutor.java:55)
2016-08-25 15:24:34,927 [  54808]  ERROR - plication.impl.ApplicationImpl - Android Studio 2.1.3  Build #AI-143.3101438 
2016-08-25 15:24:34,927 [  54808]  ERROR - plication.impl.ApplicationImpl - JDK: 1.8.0_101 
2016-08-25 15:24:34,927 [  54808]  ERROR - plication.impl.ApplicationImpl - VM: Java HotSpot(TM) 64-Bit Server VM 
2016-08-25 15:24:34,927 [  54808]  ERROR - plication.impl.ApplicationImpl - Vendor: Oracle Corporation 
2016-08-25 15:24:34,927 [  54808]  ERROR - plication.impl.ApplicationImpl - OS: Linux 
2016-08-25 15:24:34,927 [  54808]  ERROR - plication.impl.ApplicationImpl - Last Action:  
2016-08-25 15:25:31,883 [ 111764]   WARN - ConfigurableExtensionPointUtil - ignore deprecated groupId: editor for id: editor.preferences.import 
2016-08-25 15:25:32,372 [ 112253]   INFO - CompilerWorkspaceConfiguration - Available processors: 4 
2016-08-25 15:26:18,665 [ 158546]   INFO - ellij.project.impl.ProjectImpl - 138 project components initialized in 619 ms 
2016-08-25 15:26:18,665 [ 158546]   INFO - le.impl.ModuleManagerComponent - 0 module(s) loaded in 0 ms 
2016-08-25 15:26:18,683 [ 158564]   INFO - i.vcs.changes.ChangeListWorker - default list not found when copy 
2016-08-25 15:26:18,683 [ 158564]   INFO - i.vcs.changes.ChangeListWorker - default list not found when copy in original object too 
2016-08-25 15:26:18,775 [ 158656]   INFO - ls.idea.gradle.GradleSyncState - Started sync with Gradle for project 'android'. 
2016-08-25 15:26:19,814 [ 159695]   INFO - ls.idea.gradle.GradleSyncState - Sync with Gradle for project 'android' failed: Invalid Project Jdk 
2016-08-25 15:26:19,850 [ 159731]   INFO - tartup.impl.StartupManagerImpl - /home/moony/AndroidStudioProjects/qiyefetion/android/.idea/misc.xml case-sensitivity: true 
2016-08-25 15:26:20,542 [ 160423]   INFO - s.impl.ProjectManagerComponent - project roots have changed 
2016-08-25 15:26:20,549 [ 160430]   INFO - s.impl.ProjectManagerComponent - project roots have changed 
2016-08-25 15:26:20,807 [ 160688]   INFO -       #com.jetbrains.cidr.lang - Clearing symbols finished in 0 s. 
2016-08-25 15:26:20,818 [ 160699]   INFO -       #com.jetbrains.cidr.lang - Loading symbols finished in 0 s. 
2016-08-25 15:26:20,829 [ 160710]   INFO -       #com.jetbrains.cidr.lang - Building symbols finished in 0 s. 
2016-08-25 15:26:20,842 [ 160723]   INFO -       #com.jetbrains.cidr.lang - Saving symbols finished in 0 s. 
2016-08-25 15:26:21,187 [ 161068]   INFO - tor.impl.FileEditorManagerImpl - Project opening took 3157 ms 
2016-08-25 15:26:22,640 [ 162521]   INFO - .diagnostic.PerformanceWatcher - Pushing properties took 1623ms; general responsiveness: ok; EDT responsiveness: ok 
2016-08-25 15:26:24,480 [ 164361]   INFO - .diagnostic.PerformanceWatcher - Indexable file iteration took 1838ms; general responsiveness: ok; EDT responsiveness: ok 
2016-08-25 15:26:24,484 [ 164365]   INFO - indexing.UnindexedFilesUpdater - Unindexed files update started: 17674 files to update 
2016-08-25 15:26:42,898 [ 182779]   INFO - ellij.vfs.persistent.FSRecords - Contents:16384 of 64087311, reuses:5799 of 12553038 for 656 
2016-08-25 15:26:45,310 [ 185191]   INFO - .diagnostic.PerformanceWatcher - Unindexed files update took 20827ms; general responsiveness: ok; EDT responsiveness: 1/21 sluggish 
2016-08-25 15:26:45,313 [ 185194]   INFO -       #com.jetbrains.cidr.lang - Clearing symbols finished in 0 s. 
2016-08-25 15:26:45,317 [ 185198]   INFO -       #com.jetbrains.cidr.lang - Loading symbols finished in 0 s. 
2016-08-25 15:26:45,334 [ 185215]   INFO -       #com.jetbrains.cidr.lang - Building symbols finished in 0 s. 
2016-08-25 15:26:45,336 [ 185217]   INFO -       #com.jetbrains.cidr.lang - Saving symbols finished in 0 s. 
2016-08-25 15:26:45,572 [ 185453]   INFO - ls.idea.gradle.GradleSyncState - Started sync with Gradle for project 'android'. 
2016-08-25 15:26:45,577 [ 185458]   INFO - s.impl.ProjectManagerComponent - project roots have changed 
2016-08-25 15:26:45,587 [ 185468]   INFO - s.impl.ProjectManagerComponent - project roots have changed 
2016-08-25 15:26:45,590 [ 185471]   INFO - ls.idea.gradle.GradleSyncState - Sync with Gradle for project 'android' failed: Invalid Project Jdk 
2016-08-25 15:26:45,698 [ 185579]   INFO - .diagnostic.PerformanceWatcher - Pushing properties took 23ms; general responsiveness: ok; EDT responsiveness: ok 
2016-08-25 15:26:46,048 [ 185929]   INFO - .diagnostic.PerformanceWatcher - Indexable file iteration took 349ms; general responsiveness: ok; EDT responsiveness: ok 
2016-08-25 15:26:46,049 [ 185930]   INFO -       #com.jetbrains.cidr.lang - Clearing symbols finished in 0 s. 
2016-08-25 15:26:46,051 [ 185932]   INFO -       #com.jetbrains.cidr.lang - Loading symbols finished in 0 s. 
2016-08-25 15:26:46,052 [ 185933]   INFO -       #com.jetbrains.cidr.lang - Building symbols finished in 0 s. 
2016-08-25 15:26:46,053 [ 185934]   INFO -       #com.jetbrains.cidr.lang - Saving symbols finished in 0 s. 
2016-08-25 15:26:46,080 [ 185961]   INFO - lij.tasks.impl.TaskManagerImpl - Updating issues cache (every 20 min) 
2016-08-25 15:26:59,200 [ 199081]   WARN - eators.AnalyticsServiceCreator - Skipping over invalid service in module android: null 
2016-08-25 15:27:07,665 [ 207546]   WARN - ConfigurableExtensionPointUtil - ignore deprecated groupId: editor for id: editor.preferences.import 
2016-08-25 15:30:24,818 [ 404699]   WARN - ConfigurableExtensionPointUtil - ignore deprecated groupId: editor for id: editor.preferences.import 
2016-08-25 15:30:37,216 [ 417097]   INFO - s.impl.ProjectManagerComponent - project roots have changed 
2016-08-25 15:30:37,248 [ 417129]   INFO - s.impl.ProjectManagerComponent - project roots have changed 
2016-08-25 15:30:37,336 [ 417217]   INFO - ls.idea.gradle.GradleSyncState - Started sync with Gradle for project 'android'. 
2016-08-25 15:30:37,504 [ 417385]   INFO - s.plugins.gradle.GradleManager - Instructing gradle to use java from /home/moony/jdk1.8.0_101 
2016-08-25 15:30:37,534 [ 417415]   INFO - s.plugins.gradle.GradleManager - Instructing gradle to use java from /home/moony/jdk1.8.0_101 
2016-08-25 15:30:37,576 [ 417457]   INFO - .diagnostic.PerformanceWatcher - Pushing properties took 66ms; general responsiveness: ok; EDT responsiveness: ok 
2016-08-25 15:30:37,697 [ 417578]   INFO - util.EmbeddedDistributionPaths - Looking for embedded Maven repo at '/home/moony/Documents/android-studio/gradle/m2repository' 
2016-08-25 15:30:41,111 [ 420992]   INFO - .diagnostic.PerformanceWatcher - Indexable file iteration took 3519ms; general responsiveness: ok; EDT responsiveness: ok 
2016-08-25 15:30:41,118 [ 420999]   INFO - indexing.UnindexedFilesUpdater - Unindexed files update started: 42670 files to update 
2016-08-25 15:30:41,245 [ 421126]   INFO - .project.GradleExecutionHelper - Passing command-line args to Gradle Tooling API: [-Pandroid.injected.build.model.only=true, -Pandroid.injected.build.model.only.advanced=true, -Pandroid.injected.invoked.from.ide=true, --init-script, /tmp/asLocalRepo0.gradle, --init-script, /tmp/ijinit0.gradle] 
2016-08-25 15:31:23,768 [ 463649]   INFO - oid.AndroidSdkModuleCustomizer - Setting SDK in the module model: Android API 22 Platform @ /home/moony/Android/Sdk 
2016-08-25 15:31:24,287 [ 464168]   INFO - oid.AndroidSdkModuleCustomizer - Setting SDK in the module model: Android API 22 Platform @ /home/moony/Android/Sdk 
2016-08-25 15:31:24,295 [ 464176]   INFO - oid.AndroidSdkModuleCustomizer - Setting SDK in the module model: Android API 22 Platform @ /home/moony/Android/Sdk 
2016-08-25 15:31:24,300 [ 464181]   INFO - oid.AndroidSdkModuleCustomizer - Setting SDK in the module model: Android API 22 Platform @ /home/moony/Android/Sdk 
2016-08-25 15:31:24,813 [ 464694]   INFO - s.impl.ProjectManagerComponent - project roots have changed 
2016-08-25 15:31:24,847 [ 464728]   INFO - ls.idea.gradle.GradleSyncState - Sync with Gradle successful for project 'android'. 
2016-08-25 15:31:25,808 [ 465689]   INFO - indexing.UnindexedFilesUpdater - Unindexed files update canceled 
2016-08-25 15:31:26,131 [ 466012]   INFO - .diagnostic.PerformanceWatcher - Pushing properties took 124ms; general responsiveness: ok; EDT responsiveness: ok 
2016-08-25 15:31:27,897 [ 467778]   INFO - .diagnostic.PerformanceWatcher - Indexable file iteration took 1766ms; general responsiveness: ok; EDT responsiveness: ok 
2016-08-25 15:31:27,902 [ 467783]   INFO - indexing.UnindexedFilesUpdater - Unindexed files update started: 49046 files to update 
2016-08-25 15:31:40,268 [ 480149]   INFO - s.impl.ProjectManagerComponent - project roots have changed 
2016-08-25 15:31:40,274 [ 480155]   INFO - util.EmbeddedDistributionPaths - Looking for embedded Gradle distribution at '/home/moony/Documents/android-studio/gradle/gradle-2.14.1' 
2016-08-25 15:31:40,280 [ 480161]   INFO - util.EmbeddedDistributionPaths - Found embedded Gradle 2.14.1 
2016-08-25 15:31:40,280 [ 480161]   INFO - ls.idea.gradle.GradleSyncState - Started sync with Gradle for project 'android'. 
2016-08-25 15:31:40,314 [ 480195]   INFO - s.plugins.gradle.GradleManager - Instructing gradle to use java from /home/moony/jdk1.8.0_101 
2016-08-25 15:31:40,314 [ 480195]   INFO - s.plugins.gradle.GradleManager - Instructing gradle to use java from /home/moony/jdk1.8.0_101 
2016-08-25 15:31:40,315 [ 480196]   INFO - util.EmbeddedDistributionPaths - Looking for embedded Maven repo at '/home/moony/Documents/android-studio/gradle/m2repository' 
2016-08-25 15:31:40,336 [ 480217]   INFO - indexing.UnindexedFilesUpdater - Unindexed files update canceled 
2016-08-25 15:31:40,348 [ 480229]   INFO -       #com.jetbrains.cidr.lang - Clearing symbols finished in 0 s. 
2016-08-25 15:31:40,407 [ 480288]   INFO -       #com.jetbrains.cidr.lang - Loading symbols finished in 0 s. 
2016-08-25 15:31:40,485 [ 480366]   INFO -       #com.jetbrains.cidr.lang - Building symbols finished in 0 s. 
2016-08-25 15:31:40,486 [ 480367]   INFO -       #com.jetbrains.cidr.lang - Saving symbols finished in 0 s. 
2016-08-25 15:31:40,492 [ 480373]   INFO - .diagnostic.PerformanceWatcher - Pushing properties took 6ms; general responsiveness: ok; EDT responsiveness: ok 
2016-08-25 15:31:40,880 [ 480761]   INFO - .diagnostic.PerformanceWatcher - Indexable file iteration took 388ms; general responsiveness: ok; EDT responsiveness: ok 
2016-08-25 15:31:40,881 [ 480762]   INFO - indexing.UnindexedFilesUpdater - Unindexed files update started: 34823 files to update 
2016-08-25 15:31:41,363 [ 481244]   INFO - .project.GradleExecutionHelper - Passing command-line args to Gradle Tooling API: [-Pandroid.injected.build.model.only=true, -Pandroid.injected.build.model.only.advanced=true, -Pandroid.injected.invoked.from.ide=true, --init-script, /tmp/asLocalRepo1.gradle, --init-script, /tmp/ijinit1.gradle] 
2016-08-25 15:32:12,519 [ 512400]  ERROR - .intellij.openapi.command.impl - Accessing invalid virtual file: file:///home/moony/AndroidStudioProjects/qiyefetion/android/.idea/libraries; original:68424; found:- 
com.intellij.openapi.vfs.InvalidVirtualFileAccessException: Accessing invalid virtual file: file:///home/moony/AndroidStudioProjects/qiyefetion/android/.idea/libraries; original:68424; found:-
	at com.intellij.openapi.vfs.newvfs.impl.VirtualDirectoryImpl.doFindChild(VirtualDirectoryImpl.java:144)
	at com.intellij.openapi.vfs.newvfs.impl.VirtualDirectoryImpl.findChild(VirtualDirectoryImpl.java:92)
	at com.intellij.openapi.vfs.newvfs.impl.VirtualDirectoryImpl.findChild(VirtualDirectoryImpl.java:405)
	at com.intellij.openapi.vfs.newvfs.impl.VirtualDirectoryImpl.findChild(VirtualDirectoryImpl.java:59)
	at com.intellij.openapi.vfs.VirtualFile.findFileByRelativePath(VirtualFile.java:372)
	at git4idea.GitUtil.gitRootOrNull(GitUtil.java:439)
	at git4idea.GitUtil.sortFilesByGitRoot(GitUtil.java:237)
	at git4idea.vfs.GitVFSListener.executeAdd(GitVFSListener.java:93)
	at com.intellij.openapi.vcs.VcsVFSListener.executeAdd(VcsVFSListener.java:132)
	at com.intellij.openapi.vcs.VcsVFSListener$MyCommandAdapter.commandFinished(VcsVFSListener.java:505)
	at com.intellij.openapi.command.impl.CoreCommandProcessor.fireCommandFinished(CoreCommandProcessor.java:187)
	at com.intellij.openapi.command.impl.CoreCommandProcessor.finishCommand(CoreCommandProcessor.java:161)
	at com.intellij.openapi.command.impl.CommandProcessorImpl.finishCommand(CommandProcessorImpl.java:54)
	at com.intellij.openapi.command.impl.CoreCommandProcessor.executeCommand(CoreCommandProcessor.java:130)
	at com.intellij.openapi.command.impl.CoreCommandProcessor.executeCommand(CoreCommandProcessor.java:99)
	at com.intellij.openapi.command.WriteCommandAction.performWriteCommandAction(WriteCommandAction.java:108)
	at com.intellij.openapi.command.WriteCommandAction.execute(WriteCommandAction.java:80)
	at com.android.tools.idea.gradle.service.GradleModelDataService.doImport(GradleModelDataService.java:100)
	at com.android.tools.idea.gradle.service.GradleModelDataService.importData(GradleModelDataService.java:65)
	at com.intellij.openapi.externalSystem.service.project.manage.ProjectDataManager.doImportData(ProjectDataManager.java:254)
	at com.intellij.openapi.externalSystem.service.project.manage.ProjectDataManager.importData(ProjectDataManager.java:151)
	at com.intellij.openapi.externalSystem.service.project.manage.ProjectDataManager.importData(ProjectDataManager.java:197)
	at com.android.tools.idea.gradle.util.Projects$1$1$1.run(Projects.java:136)
	at com.intellij.openapi.roots.impl.ProjectRootManagerImpl.mergeRootsChangesDuring(ProjectRootManagerImpl.java:321)
	at com.android.tools.idea.gradle.util.Projects$1$1.run(Projects.java:132)
	at com.intellij.openapi.application.impl.ApplicationImpl.runWriteAction(ApplicationImpl.java:1010)
	at com.android.tools.idea.gradle.util.Projects$1.run(Projects.java:128)
	at com.intellij.util.ui.UIUtil.invokeAndWaitIfNeeded(UIUtil.java:2382)
	at com.android.tools.idea.gradle.util.Projects.populate(Projects.java:121)
	at com.android.tools.idea.gradle.project.ProjectSetUpTask$2.run(ProjectSetUpTask.java:106)
	at com.intellij.ide.startup.impl.StartupManagerImpl$7.run(StartupManagerImpl.java:372)
	at com.intellij.openapi.application.impl.LaterInvocator$FlushQueue.runNextEvent(LaterInvocator.java:337)
	at com.intellij.openapi.application.impl.LaterInvocator$FlushQueue.run(LaterInvocator.java:321)
	at java.awt.event.InvocationEvent.dispatch(InvocationEvent.java:311)
	at java.awt.EventQueue.dispatchEventImpl(EventQueue.java:756)
	at java.awt.EventQueue.access$500(EventQueue.java:97)
	at java.awt.EventQueue$3.run(EventQueue.java:709)
	at java.awt.EventQueue$3.run(EventQueue.java:703)
	at java.security.AccessController.doPrivileged(Native Method)
	at java.security.ProtectionDomain$JavaSecurityAccessImpl.doIntersectionPrivilege(ProtectionDomain.java:76)
	at java.awt.EventQueue.dispatchEvent(EventQueue.java:726)
	at com.intellij.ide.IdeEventQueue.defaultDispatchEvent(IdeEventQueue.java:866)
	at com.intellij.ide.IdeEventQueue._dispatchEvent(IdeEventQueue.java:654)
	at com.intellij.ide.IdeEventQueue.dispatchEvent(IdeEventQueue.java:381)
	at java.awt.EventDispatchThread.pumpOneEventForFilters(EventDispatchThread.java:201)
	at java.awt.EventDispatchThread.pumpEventsForFilter(EventDispatchThread.java:116)
	at java.awt.EventDispatchThread.pumpEventsForHierarchy(EventDispatchThread.java:105)
	at java.awt.EventDispatchThread.pumpEvents(EventDispatchThread.java:101)
	at java.awt.EventDispatchThread.pumpEvents(EventDispatchThread.java:93)
	at java.awt.EventDispatchThread.run(EventDispatchThread.java:82)
2016-08-25 15:32:12,520 [ 512401]  ERROR - .intellij.openapi.command.impl - Android Studio 2.1.3  Build #AI-143.3101438 
2016-08-25 15:32:12,520 [ 512401]  ERROR - .intellij.openapi.command.impl - JDK: 1.8.0_101 
2016-08-25 15:32:12,520 [ 512401]  ERROR - .intellij.openapi.command.impl - VM: Java HotSpot(TM) 64-Bit Server VM 
2016-08-25 15:32:12,520 [ 512401]  ERROR - .intellij.openapi.command.impl - Vendor: Oracle Corporation 
2016-08-25 15:32:12,521 [ 512402]  ERROR - .intellij.openapi.command.impl - OS: Linux 
2016-08-25 15:32:12,542 [ 512423]   INFO - oid.AndroidSdkModuleCustomizer - Setting SDK in the module model: Android API 22 Platform @ /home/moony/Android/Sdk 
2016-08-25 15:32:12,559 [ 512440]   INFO - oid.AndroidSdkModuleCustomizer - Setting SDK in the module model: Android API 22 Platform @ /home/moony/Android/Sdk 
2016-08-25 15:32:12,564 [ 512445]   INFO - oid.AndroidSdkModuleCustomizer - Setting SDK in the module model: Android API 22 Platform @ /home/moony/Android/Sdk 
2016-08-25 15:32:12,569 [ 512450]   INFO - oid.AndroidSdkModuleCustomizer - Setting SDK in the module model: Android API 22 Platform @ /home/moony/Android/Sdk 
2016-08-25 15:32:12,873 [ 512754]   INFO - s.impl.ProjectManagerComponent - project roots have changed 
2016-08-25 15:32:12,881 [ 512762]   INFO - .PostProjectSetupTasksExecutor - Gradle model version: 2.1.3, latest version for IDE: 2.1.3 
2016-08-25 15:32:12,944 [ 512825]   INFO - s.impl.ProjectManagerComponent - project roots have changed 
2016-08-25 15:32:13,025 [ 512906]   INFO - ls.idea.gradle.GradleSyncState - Sync with Gradle successful for project 'android'. 
2016-08-25 15:32:13,092 [ 512973]   INFO - a.gradle.invoker.GradleInvoker - About to execute Gradle tasks: [:app:generateBaiduDebugSources, :app:prepareBaiduDebugUnitTestDependencies, :app:mockableAndroidJar, :app:generateBaiduDebugAndroidTestSources, :k9mail_library:generateDebugSources, :k9mail_library:mockableAndroidJar, :k9mail_library:prepareDebugUnitTestDependencies, :k9mail_library:generateDebugAndroidTestSources, :android_im_sdk:generateDebugSources, :android_im_sdk:generateDebugAndroidTestSources, :android_im_sdk:mockableAndroidJar, :android_im_sdk:prepareDebugUnitTestDependencies, :umeng_share:generateDebugSources, :umeng_share:generateDebugAndroidTestSources, :umeng_share:mockableAndroidJar, :umeng_share:prepareDebugUnitTestDependencies] 
2016-08-25 15:32:13,103 [ 512984]   INFO - s.plugins.gradle.GradleManager - Instructing gradle to use java from /home/moony/jdk1.8.0_101 
2016-08-25 15:32:13,565 [ 513446]   INFO - indexing.UnindexedFilesUpdater - Unindexed files update canceled 
2016-08-25 15:32:13,594 [ 513475]   INFO - util.EmbeddedDistributionPaths - Looking for embedded Maven repo at '/home/moony/Documents/android-studio/gradle/m2repository' 
2016-08-25 15:32:13,595 [ 513476]   INFO - util.EmbeddedDistributionPaths - Looking for embedded Gradle distribution at '/home/moony/Documents/android-studio/gradle/gradle-2.14.1' 
2016-08-25 15:32:13,595 [ 513476]   INFO - util.EmbeddedDistributionPaths - Found embedded Gradle 2.14.1 
2016-08-25 15:32:13,595 [ 513476]   INFO - a.gradle.invoker.GradleInvoker - Build command line options: [--configure-on-demand, -Pandroid.injected.invoked.from.ide=true, --init-script, /tmp/asLocalRepo2.gradle] 
2016-08-25 15:32:13,597 [ 513478]   INFO - .project.GradleExecutionHelper - Passing command-line args to Gradle Tooling API: [--configure-on-demand, -Pandroid.injected.invoked.from.ide=true, --init-script, /tmp/asLocalRepo2.gradle] 
2016-08-25 15:32:13,641 [ 513522]   INFO - .diagnostic.PerformanceWatcher - Pushing properties took 4ms; general responsiveness: ok; EDT responsiveness: ok 
2016-08-25 15:32:14,489 [ 514370]   INFO - .diagnostic.PerformanceWatcher - Indexable file iteration took 848ms; general responsiveness: ok; EDT responsiveness: ok 
2016-08-25 15:32:14,491 [ 514372]   INFO - indexing.UnindexedFilesUpdater - Unindexed files update started: 37443 files to update 
2016-08-25 15:32:18,072 [ 517953]   INFO - ellij.vfs.persistent.FSRecords - Contents:32768 of 220397705, reuses:6729 of 15874819 for 1940 
2016-08-25 15:32:19,284 [ 519165]   INFO - s.impl.ProjectManagerComponent - project roots have changed 
2016-08-25 15:32:19,335 [ 519216]   INFO - indexing.UnindexedFilesUpdater - Unindexed files update canceled 
2016-08-25 15:32:19,346 [ 519227]   INFO -       #com.jetbrains.cidr.lang - Clearing symbols finished in 0 s. 
2016-08-25 15:32:19,402 [ 519283]   INFO -       #com.jetbrains.cidr.lang - Loading symbols finished in 0 s. 
2016-08-25 15:32:19,432 [ 519313]   INFO -       #com.jetbrains.cidr.lang - Building symbols finished in 0 s. 
2016-08-25 15:32:19,432 [ 519313]   INFO -       #com.jetbrains.cidr.lang - Saving symbols finished in 0 s. 
2016-08-25 15:32:19,443 [ 519324]   INFO - .diagnostic.PerformanceWatcher - Pushing properties took 8ms; general responsiveness: ok; EDT responsiveness: ok 
2016-08-25 15:32:19,791 [ 519672]   INFO - .diagnostic.PerformanceWatcher - Indexable file iteration took 348ms; general responsiveness: ok; EDT responsiveness: ok 
2016-08-25 15:32:19,793 [ 519674]   INFO - indexing.UnindexedFilesUpdater - Unindexed files update started: 36096 files to update 
2016-08-25 15:32:58,819 [ 558700]   INFO - .compiled.ClassFileStubBuilder - No stub built for file b.class 
2016-08-25 15:32:58,830 [ 558711]   INFO - .compiled.ClassFileStubBuilder - No stub built for file c.class 
2016-08-25 15:32:58,831 [ 558712]   INFO - .compiled.ClassFileStubBuilder - No stub built for file d.class 
2016-08-25 15:32:58,831 [ 558712]   INFO - .compiled.ClassFileStubBuilder - No stub built for file e.class 
2016-08-25 15:32:58,832 [ 558713]   INFO - .compiled.ClassFileStubBuilder - No stub built for file f.class 
2016-08-25 15:32:58,833 [ 558714]   INFO - .compiled.ClassFileStubBuilder - No stub built for file i.class 
2016-08-25 15:32:58,833 [ 558714]   INFO - .compiled.ClassFileStubBuilder - No stub built for file k.class 
2016-08-25 15:32:58,833 [ 558714]   INFO - .compiled.ClassFileStubBuilder - No stub built for file l.class 
2016-08-25 15:32:58,839 [ 558720]   INFO - .compiled.ClassFileStubBuilder - No stub built for file aa.class 
2016-08-25 15:32:58,857 [ 558738]   INFO - .compiled.ClassFileStubBuilder - No stub built for file az.class 
2016-08-25 15:32:58,859 [ 558740]   INFO - .compiled.ClassFileStubBuilder - No stub built for file bd.class 
2016-08-25 15:32:58,865 [ 558746]   INFO - .compiled.ClassFileStubBuilder - No stub built for file bj.class 
2016-08-25 15:32:58,867 [ 558748]   INFO - .compiled.ClassFileStubBuilder - No stub built for file bl.class 
2016-08-25 15:32:58,876 [ 558757]   INFO - .compiled.ClassFileStubBuilder - No stub built for file cf.class 
2016-08-25 15:32:58,880 [ 558761]   INFO - .compiled.ClassFileStubBuilder - No stub built for file cm.class 
2016-08-25 15:32:58,947 [ 558828]   INFO - .compiled.ClassFileStubBuilder - No stub built for file es.class 
2016-08-25 15:32:58,947 [ 558828]   INFO - .compiled.ClassFileStubBuilder - No stub built for file et.class 
2016-08-25 15:32:58,964 [ 558845]   INFO - .compiled.ClassFileStubBuilder - No stub built for file fe.class 
2016-08-25 15:32:58,968 [ 558849]   INFO - .compiled.ClassFileStubBuilder - No stub built for file fi.class 
2016-08-25 15:33:02,737 [ 562618]   INFO - .compiled.ClassFileStubBuilder - No stub built for file o.class 
2016-08-25 15:33:02,737 [ 562618]   INFO - .compiled.ClassFileStubBuilder - No stub built for file p.class 
2016-08-25 15:33:02,740 [ 562621]   INFO - .compiled.ClassFileStubBuilder - No stub built for file r.class 
2016-08-25 15:33:02,748 [ 562629]   INFO - .compiled.ClassFileStubBuilder - No stub built for file x.class 
2016-08-25 15:33:02,801 [ 562682]   INFO - .compiled.ClassFileStubBuilder - No stub built for file ca.class 
2016-08-25 15:33:02,805 [ 562686]   INFO - .compiled.ClassFileStubBuilder - No stub built for file cb.class 
2016-08-25 15:33:02,809 [ 562690]   INFO - .compiled.ClassFileStubBuilder - No stub built for file cm.class 
2016-08-25 15:33:02,811 [ 562692]   INFO - .compiled.ClassFileStubBuilder - No stub built for file cq.class 
2016-08-25 15:33:02,822 [ 562703]   INFO - .compiled.ClassFileStubBuilder - No stub built for file a.class 
2016-08-25 15:33:02,823 [ 562704]   INFO - .compiled.ClassFileStubBuilder - No stub built for file a.class 
2016-08-25 15:33:02,823 [ 562704]   INFO - .compiled.ClassFileStubBuilder - No stub built for file b.class 
2016-08-25 15:33:02,824 [ 562705]   INFO - .compiled.ClassFileStubBuilder - No stub built for file a.class 
2016-08-25 15:33:02,824 [ 562705]   INFO - .compiled.ClassFileStubBuilder - No stub built for file b.class 
2016-08-25 15:33:02,824 [ 562705]   INFO - .compiled.ClassFileStubBuilder - No stub built for file c.class 
2016-08-25 15:33:02,828 [ 562709]   INFO - .compiled.ClassFileStubBuilder - No stub built for file a.class 
2016-08-25 15:33:02,829 [ 562710]   INFO - .compiled.ClassFileStubBuilder - No stub built for file c.class 
2016-08-25 15:33:02,829 [ 562710]   INFO - .compiled.ClassFileStubBuilder - No stub built for file d.class 
2016-08-25 15:33:02,829 [ 562710]   INFO - .compiled.ClassFileStubBuilder - No stub built for file e.class 
2016-08-25 15:33:02,829 [ 562710]   INFO - .compiled.ClassFileStubBuilder - No stub built for file f.class 
2016-08-25 15:33:02,829 [ 562710]   INFO - .compiled.ClassFileStubBuilder - No stub built for file g.class 
2016-08-25 15:33:02,830 [ 562711]   INFO - .compiled.ClassFileStubBuilder - No stub built for file h.class 
2016-08-25 15:33:02,830 [ 562711]   INFO - .compiled.ClassFileStubBuilder - No stub built for file i.class 
2016-08-25 15:33:02,830 [ 562711]   INFO - .compiled.ClassFileStubBuilder - No stub built for file j.class 
2016-08-25 15:33:02,830 [ 562711]   INFO - .compiled.ClassFileStubBuilder - No stub built for file k.class 
2016-08-25 15:33:02,830 [ 562711]   INFO - .compiled.ClassFileStubBuilder - No stub built for file l.class 
2016-08-25 15:33:02,830 [ 562711]   INFO - .compiled.ClassFileStubBuilder - No stub built for file m.class 
2016-08-25 15:33:02,830 [ 562711]   INFO - .compiled.ClassFileStubBuilder - No stub built for file n.class 
2016-08-25 15:33:02,830 [ 562711]   INFO - .compiled.ClassFileStubBuilder - No stub built for file o.class 
2016-08-25 15:33:02,831 [ 562712]   INFO - .compiled.ClassFileStubBuilder - No stub built for file p.class 
2016-08-25 15:33:02,831 [ 562712]   INFO - .compiled.ClassFileStubBuilder - No stub built for file q.class 
2016-08-25 15:33:02,831 [ 562712]   INFO - .compiled.ClassFileStubBuilder - No stub built for file r.class 
2016-08-25 15:33:02,831 [ 562712]   INFO - .compiled.ClassFileStubBuilder - No stub built for file s.class 
2016-08-25 15:33:02,831 [ 562712]   INFO - .compiled.ClassFileStubBuilder - No stub built for file t.class 
2016-08-25 15:33:02,831 [ 562712]   INFO - .compiled.ClassFileStubBuilder - No stub built for file u.class 
2016-08-25 15:33:02,844 [ 562725]   INFO - .compiled.ClassFileStubBuilder - No stub built for file b.class 
2016-08-25 15:33:02,863 [ 562744]   INFO - .compiled.ClassFileStubBuilder - No stub built for file a.class 
2016-08-25 15:33:02,870 [ 562751]   INFO - .compiled.ClassFileStubBuilder - No stub built for file a.class 
2016-08-25 15:33:02,870 [ 562751]   INFO - .compiled.ClassFileStubBuilder - No stub built for file b.class 
2016-08-25 15:33:02,877 [ 562758]   INFO - .compiled.ClassFileStubBuilder - No stub built for file a.class 
2016-08-25 15:33:02,877 [ 562758]   INFO - .compiled.ClassFileStubBuilder - No stub built for file b.class 
2016-08-25 15:33:02,877 [ 562758]   INFO - .compiled.ClassFileStubBuilder - No stub built for file c.class 
2016-08-25 15:33:02,881 [ 562762]   INFO - .compiled.ClassFileStubBuilder - No stub built for file a.class 
2016-08-25 15:33:02,881 [ 562762]   INFO - .compiled.ClassFileStubBuilder - No stub built for file b.class 
2016-08-25 15:33:02,883 [ 562764]   INFO - .compiled.ClassFileStubBuilder - No stub built for file c.class 
2016-08-25 15:33:02,886 [ 562767]   INFO - .compiled.ClassFileStubBuilder - No stub built for file a.class 
2016-08-25 15:33:02,886 [ 562767]   INFO - .compiled.ClassFileStubBuilder - No stub built for file c.class 
2016-08-25 15:33:02,886 [ 562767]   INFO - .compiled.ClassFileStubBuilder - No stub built for file d.class 
2016-08-25 15:33:02,886 [ 562767]   INFO - .compiled.ClassFileStubBuilder - No stub built for file e.class 
2016-08-25 15:33:02,886 [ 562767]   INFO - .compiled.ClassFileStubBuilder - No stub built for file f.class 
2016-08-25 15:33:02,888 [ 562769]   INFO - .compiled.ClassFileStubBuilder - No stub built for file b.class 
2016-08-25 15:33:02,894 [ 562775]   INFO - .compiled.ClassFileStubBuilder - No stub built for file a.class 
2016-08-25 15:33:02,899 [ 562780]   INFO - .compiled.ClassFileStubBuilder - No stub built for file e.class 
2016-08-25 15:33:05,469 [ 565350]   INFO - .compiled.ClassFileStubBuilder - No stub built for file b.class 
2016-08-25 15:33:05,471 [ 565352]   INFO - .compiled.ClassFileStubBuilder - No stub built for file c.class 
2016-08-25 15:33:05,480 [ 565361]   INFO - .compiled.ClassFileStubBuilder - No stub built for file h.class 
2016-08-25 15:33:05,509 [ 565390]   INFO - .compiled.ClassFileStubBuilder - No stub built for file z.class 
2016-08-25 15:33:05,579 [ 565460]   INFO - .compiled.ClassFileStubBuilder - No stub built for file bg.class 
2016-08-25 15:33:05,586 [ 565467]   INFO - .compiled.ClassFileStubBuilder - No stub built for file bj.class 
2016-08-25 15:33:05,586 [ 565467]   INFO - .compiled.ClassFileStubBuilder - No stub built for file bk.class 
2016-08-25 15:33:05,591 [ 565472]   INFO - .compiled.ClassFileStubBuilder - No stub built for file bu.class 
2016-08-25 15:33:05,640 [ 565521]   INFO - .compiled.ClassFileStubBuilder - No stub built for file cr.class 
2016-08-25 15:33:05,745 [ 565626]   INFO - .compiled.ClassFileStubBuilder - No stub built for file a.class 
2016-08-25 15:33:05,746 [ 565627]   INFO - .compiled.ClassFileStubBuilder - No stub built for file a.class 
2016-08-25 15:33:05,766 [ 565647]   INFO - .compiled.ClassFileStubBuilder - No stub built for file a.class 
2016-08-25 15:33:07,470 [ 567351]   INFO - .diagnostic.PerformanceWatcher - Unindexed files update took 47677ms; general responsiveness: ok; EDT responsiveness: ok 
2016-08-25 15:33:07,862 [ 567743]   INFO - attrs.AttributeDefinitionsImpl - Found tag with unknown parent: AndroidManifest.AndroidManifestCompatibleScreens 
2016-08-25 15:33:07,862 [ 567743]   INFO - attrs.AttributeDefinitionsImpl - Found tag with unknown parent: AndroidManifest.AndroidManifestSupportsInput 
2016-08-25 15:34:04,457 [ 624338]   WARN - ConfigurableExtensionPointUtil - ignore deprecated groupId: editor for id: editor.preferences.import 
2016-08-25 15:34:27,011 [ 646892]   WARN - ConfigurableExtensionPointUtil - ignore deprecated groupId: editor for id: editor.preferences.import 
2016-08-25 15:35:17,978 [ 697859]   WARN - ConfigurableExtensionPointUtil - ignore deprecated groupId: editor for id: editor.preferences.import 
2016-08-25 15:35:48,906 [ 728787]   WARN - ConfigurableExtensionPointUtil - ignore deprecated groupId: editor for id: editor.preferences.import 
2016-08-25 15:36:47,258 [ 787139]   INFO - il.indexing.FileBasedIndexImpl - START INDEX SHUTDOWN 
2016-08-25 15:36:47,254 [ 787135]   INFO -        #com.intellij.idea.Main - ------------------------------------------------------ IDE SHUTDOWN ------------------------------------------------------ 
2016-08-25 15:36:47,296 [ 787177]   INFO - il.indexing.FileBasedIndexImpl - END INDEX SHUTDOWN 
2016-08-25 15:36:47,296 [ 787177]   INFO - stubs.SerializationManagerImpl - START StubSerializationManager SHUTDOWN 
2016-08-25 15:36:47,296 [ 787177]   INFO - stubs.SerializationManagerImpl - END StubSerializationManager SHUTDOWN 
2016-08-25 15:36:47,300 [ 787181]   INFO - newvfs.persistent.PersistentFS - VFS dispose started 
2016-08-25 15:36:47,301 [ 787182]   INFO - newvfs.persistent.PersistentFS - VFS dispose completed 
2016-08-25 15:36:47,303 [ 787184]   INFO - org.jetbrains.io.BuiltInServer - web server stopped 
2016-08-25 15:36:57,511 [    174]   INFO -        #com.intellij.idea.Main - ------------------------------------------------------ IDE STARTED ------------------------------------------------------ 
2016-08-25 15:36:57,520 [    183]   INFO -        #com.intellij.idea.Main - IDE: Android Studio (build #AI-143.3101438, 28 Jul 2016 00:00) 
2016-08-25 15:36:57,520 [    183]   INFO -        #com.intellij.idea.Main - OS: Linux (4.4.0-34-generic, amd64) 
2016-08-25 15:36:57,521 [    184]   INFO -        #com.intellij.idea.Main - JRE: 1.8.0_101-b13 (Oracle Corporation) 
2016-08-25 15:36:57,521 [    184]   INFO -        #com.intellij.idea.Main - JVM: 25.101-b13 (Java HotSpot(TM) 64-Bit Server VM) 
2016-08-25 15:36:57,522 [    185]   INFO -        #com.intellij.idea.Main - JVM Args: -Xbootclasspath/a:./../lib/boot.jar -Xms256m -Xmx1280m -XX:MaxPermSize=350m -XX:ReservedCodeCacheSize=240m -XX:+UseConcMarkSweepGC -XX:SoftRefLRUPolicyMSPerMB=50 -da -Djna.nosys=true -Djna.boot.library.path= -Djna.debug_load=true -Djna.debug_load.jna=true -Dsun.io.useCanonCaches=false -Djava.net.preferIPv4Stack=true -XX:+HeapDumpOnOutOfMemoryError -Dawt.useSystemAAFontSettings=on -Djb.vmOptionsFile=./studio64.vmoptions -XX:ErrorFile=/home/moony/java_error_in_STUDIO_%p.log -Djb.restart.code=88 -Didea.paths.selector=AndroidStudio2.1 -Didea.platform.prefix=AndroidStudio 
2016-08-25 15:36:57,522 [    185]   INFO -        #com.intellij.idea.Main - ext: /home/moony/jdk1.8.0_101/jre/lib/ext: [nashorn.jar, sunec.jar, dnsns.jar, cldrdata.jar, jaccess.jar, zipfs.jar, jfxrt.jar, sunpkcs11.jar, localedata.jar, sunjce_provider.jar, meta-index] 
2016-08-25 15:36:57,537 [    200]   INFO -        #com.intellij.idea.Main - JNA library loaded (64-bit) in 15 ms 
2016-08-25 15:36:57,601 [    264]   INFO - .intellij.idea.IdeaApplication - WM detected: Compiz 
2016-08-25 15:36:57,977 [    640]   INFO - llij.ide.plugins.PluginManager - Cannot find optional descriptor duplicates-groovy.xml 
2016-08-25 15:36:58,410 [   1073]   INFO - llij.ide.plugins.PluginManager - 30 plugins initialized in 670 ms 
2016-08-25 15:36:58,411 [   1074]   INFO - llij.ide.plugins.PluginManager - Loaded bundled plugins: Android NDK Support (1.0), Android Support (10.2.1.3), CVS Integration (11), Copyright (8.1), Coverage (143.SNAPSHOT), EditorConfig (1.0), Git Integration (8.1), GitHub (143.SNAPSHOT), Google Analytics Uploader (1.0), Google App Indexing (0.1), Google Cloud Testing (1.0), Google Cloud Tools Core (0.2.8), Google Cloud Tools For Android Studio (0.2.8), Google Login (1.0), Google Services (0.1), Gradle (143.SNAPSHOT), Groovy (9.0), I18n for Java (143.SNAPSHOT), IDEA CORE (143.SNAPSHOT), IntelliLang (8.0), JUnit (1.0), Java Bytecode Decompiler (0.1), Properties Support (143.SNAPSHOT), SDK Updater (1.0), Settings Repository (143.SNAPSHOT), Subversion Integration (1.1), Task Management (1.0), Terminal (0.1), TestNG-J (8.0), hg4idea (10.0) 
2016-08-25 15:36:59,046 [   1709]   INFO - ellij.util.io.PagedFileStorage - lower=100; upper=500; buffer=10; max=1286340608 
2016-08-25 15:36:59,116 [   1779]   INFO - pl.local.NativeFileWatcherImpl - Starting file watcher: /home/moony/Documents/android-studio/bin/fsnotifier64 
2016-08-25 15:36:59,130 [   1793]   INFO - pl.local.NativeFileWatcherImpl - Native file watcher is operational. 
2016-08-25 15:37:00,223 [   2886]   INFO - rains.ide.BuiltInServerManager - built-in server started, port 63342 
2016-08-25 15:37:00,889 [   3552]   INFO - ins.android.sdk.AndroidSdkData - Parsing /home/moony/Android/Sdk/platforms/android-24/package.xml 
2016-08-25 15:37:01,272 [   3935]   INFO - ins.android.sdk.AndroidSdkData - Parsing /home/moony/Android/Sdk/platforms/android-22/package.xml 
2016-08-25 15:37:01,289 [   3952]   INFO - ins.android.sdk.AndroidSdkData - Parsing /home/moony/Android/Sdk/platforms/android-21/package.xml 
2016-08-25 15:37:01,304 [   3967]   INFO - ins.android.sdk.AndroidSdkData - Parsing /home/moony/Android/Sdk/platforms/android-23/package.xml 
2016-08-25 15:37:01,318 [   3981]   INFO - ins.android.sdk.AndroidSdkData - Parsing /home/moony/Android/Sdk/extras/google/m2repository/package.xml 
2016-08-25 15:37:01,332 [   3995]   INFO - ins.android.sdk.AndroidSdkData - Parsing /home/moony/Android/Sdk/extras/android/m2repository/package.xml 
2016-08-25 15:37:01,344 [   4007]   INFO - ins.android.sdk.AndroidSdkData - Parsing /home/moony/Android/Sdk/sources/android-22/package.xml 
2016-08-25 15:37:01,355 [   4018]   INFO - ins.android.sdk.AndroidSdkData - Parsing /home/moony/Android/Sdk/sources/android-21/package.xml 
2016-08-25 15:37:01,364 [   4027]   INFO - ins.android.sdk.AndroidSdkData - Parsing /home/moony/Android/Sdk/sources/android-23/package.xml 
2016-08-25 15:37:01,373 [   4036]   INFO - ins.android.sdk.AndroidSdkData - Parsing /home/moony/Android/Sdk/platform-tools/package.xml 
2016-08-25 15:37:01,383 [   4046]   INFO - ins.android.sdk.AndroidSdkData - Parsing /home/moony/Android/Sdk/tools/package.xml 
2016-08-25 15:37:01,391 [   4054]   INFO - ins.android.sdk.AndroidSdkData - Parsing /home/moony/Android/Sdk/build-tools/24.0.1/package.xml 
2016-08-25 15:37:01,398 [   4061]   INFO - ins.android.sdk.AndroidSdkData - Parsing /home/moony/Android/Sdk/build-tools/23.0.3/package.xml 
2016-08-25 15:37:01,404 [   4067]   INFO - ins.android.sdk.AndroidSdkData - Parsing /home/moony/Android/Sdk/build-tools/22.0.1/package.xml 
2016-08-25 15:37:01,411 [   4074]   INFO - ins.android.sdk.AndroidSdkData - Parsing /home/moony/Android/Sdk/build-tools/23.0.1/package.xml 
2016-08-25 15:37:01,810 [   4473]   INFO - plication.impl.ApplicationImpl - 84 application components initialized in 4070 ms 
2016-08-25 15:37:01,823 [   4486]   INFO - .intellij.idea.IdeaApplication - App initialization took 5057 ms 
2016-08-25 15:37:03,540 [   6203]   INFO - CompilerWorkspaceConfiguration - Available processors: 4 
2016-08-25 15:37:03,817 [   6480]   INFO - dea.updater.SdkComponentSource - Parsing /home/moony/Android/Sdk/platforms/android-24/package.xml 
2016-08-25 15:37:03,861 [   6524]   INFO - dea.updater.SdkComponentSource - Parsing /home/moony/Android/Sdk/platforms/android-22/package.xml 
2016-08-25 15:37:03,867 [   6530]   INFO - dea.updater.SdkComponentSource - Parsing /home/moony/Android/Sdk/platforms/android-21/package.xml 
2016-08-25 15:37:03,885 [   6548]   INFO - dea.updater.SdkComponentSource - Parsing /home/moony/Android/Sdk/platforms/android-23/package.xml 
2016-08-25 15:37:03,891 [   6554]   INFO - dea.updater.SdkComponentSource - Parsing /home/moony/Android/Sdk/extras/google/m2repository/package.xml 
2016-08-25 15:37:03,906 [   6569]   INFO - dea.updater.SdkComponentSource - Parsing /home/moony/Android/Sdk/extras/android/m2repository/package.xml 
2016-08-25 15:37:03,915 [   6578]   INFO - dea.updater.SdkComponentSource - Parsing /home/moony/Android/Sdk/sources/android-22/package.xml 
2016-08-25 15:37:04,012 [   6675]   INFO - dea.updater.SdkComponentSource - Parsing /home/moony/Android/Sdk/sources/android-21/package.xml 
2016-08-25 15:37:04,021 [   6684]   INFO - dea.updater.SdkComponentSource - Parsing /home/moony/Android/Sdk/sources/android-23/package.xml 
2016-08-25 15:37:04,035 [   6698]   INFO - dea.updater.SdkComponentSource - Parsing /home/moony/Android/Sdk/platform-tools/package.xml 
2016-08-25 15:37:04,058 [   6721]   INFO - dea.updater.SdkComponentSource - Parsing /home/moony/Android/Sdk/tools/package.xml 
2016-08-25 15:37:04,069 [   6732]   INFO - dea.updater.SdkComponentSource - Parsing /home/moony/Android/Sdk/build-tools/24.0.1/package.xml 
2016-08-25 15:37:04,089 [   6752]   INFO - dea.updater.SdkComponentSource - Parsing /home/moony/Android/Sdk/build-tools/23.0.3/package.xml 
2016-08-25 15:37:04,094 [   6757]   INFO - dea.updater.SdkComponentSource - Parsing /home/moony/Android/Sdk/build-tools/22.0.1/package.xml 
2016-08-25 15:37:04,101 [   6764]   INFO - dea.updater.SdkComponentSource - Parsing /home/moony/Android/Sdk/build-tools/23.0.1/package.xml 
2016-08-25 15:37:04,110 [   6773]   INFO - dea.updater.SdkComponentSource - Parsing /home/moony/Android/Sdk/platforms/android-24/package.xml 
2016-08-25 15:37:04,117 [   6780]   INFO - dea.updater.SdkComponentSource - Parsing /home/moony/Android/Sdk/platforms/android-22/package.xml 
2016-08-25 15:37:04,124 [   6787]   INFO - dea.updater.SdkComponentSource - Parsing /home/moony/Android/Sdk/platforms/android-21/package.xml 
2016-08-25 15:37:04,131 [   6794]   INFO - dea.updater.SdkComponentSource - Parsing /home/moony/Android/Sdk/platforms/android-23/package.xml 
2016-08-25 15:37:04,139 [   6802]   INFO - dea.updater.SdkComponentSource - Parsing /home/moony/Android/Sdk/extras/google/m2repository/package.xml 
2016-08-25 15:37:04,146 [   6809]   INFO - dea.updater.SdkComponentSource - Parsing /home/moony/Android/Sdk/extras/android/m2repository/package.xml 
2016-08-25 15:37:04,153 [   6816]   INFO - dea.updater.SdkComponentSource - Parsing /home/moony/Android/Sdk/sources/android-22/package.xml 
2016-08-25 15:37:04,162 [   6825]   INFO - dea.updater.SdkComponentSource - Parsing /home/moony/Android/Sdk/sources/android-21/package.xml 
2016-08-25 15:37:04,169 [   6832]   INFO - dea.updater.SdkComponentSource - Parsing /home/moony/Android/Sdk/sources/android-23/package.xml 
2016-08-25 15:37:04,176 [   6839]   INFO - dea.updater.SdkComponentSource - Parsing /home/moony/Android/Sdk/platform-tools/package.xml 
2016-08-25 15:37:04,182 [   6845]   INFO - dea.updater.SdkComponentSource - Parsing /home/moony/Android/Sdk/tools/package.xml 
2016-08-25 15:37:04,193 [   6856]   INFO - dea.updater.SdkComponentSource - Parsing /home/moony/Android/Sdk/build-tools/24.0.1/package.xml 
2016-08-25 15:37:04,200 [   6863]   INFO - dea.updater.SdkComponentSource - Parsing /home/moony/Android/Sdk/build-tools/23.0.3/package.xml 
2016-08-25 15:37:04,208 [   6871]   INFO - dea.updater.SdkComponentSource - Parsing /home/moony/Android/Sdk/build-tools/22.0.1/package.xml 
2016-08-25 15:37:04,215 [   6878]   INFO - dea.updater.SdkComponentSource - Parsing /home/moony/Android/Sdk/build-tools/23.0.1/package.xml 
2016-08-25 15:37:04,227 [   6890]   INFO - dea.updater.SdkComponentSource - Downloading https://dl.google.com/android/repository/addons_list-3.xml 
2016-08-25 15:37:04,587 [   7250]   INFO - ellij.project.impl.ProjectImpl - 138 project components initialized in 1813 ms 
2016-08-25 15:37:04,850 [   7513]   INFO - le.impl.ModuleManagerComponent - 6 module(s) loaded in 263 ms 
2016-08-25 15:37:05,657 [   8320]   INFO - dea.updater.SdkComponentSource - Downloading https://dl.google.com/android/repository/sys-img/android/sys-img2-1.xml 
2016-08-25 15:37:06,989 [   9652]   INFO - dea.updater.SdkComponentSource - Downloading https://dl.google.com/android/repository/sys-img/android-wear/sys-img2-1.xml 
2016-08-25 15:37:07,187 [   9850]   INFO - tartup.impl.StartupManagerImpl - /home/moony/AndroidStudioProjects/qiyefetion/android/.idea/misc.xml case-sensitivity: true 
2016-08-25 15:37:08,345 [  11008]   INFO - .diagnostic.PerformanceWatcher - Pushing properties took 198ms; general responsiveness: ok; EDT responsiveness: ok 
2016-08-25 15:37:08,851 [  11514]   INFO - dea.updater.SdkComponentSource - Downloading https://dl.google.com/android/repository/sys-img/android-tv/sys-img2-1.xml 
2016-08-25 15:37:09,231 [  11894]   INFO - tor.impl.FileEditorManagerImpl - Project opening took 6527 ms 
2016-08-25 15:37:09,936 [  12599]   INFO - dea.updater.SdkComponentSource - Downloading https://dl.google.com/android/repository/sys-img/google_apis/sys-img2-1.xml 
2016-08-25 15:37:11,058 [  13721]   INFO - dea.updater.SdkComponentSource - Downloading https://dl.google.com/android/repository/addon2-1.xml 
2016-08-25 15:37:11,245 [  13908]   INFO - .diagnostic.PerformanceWatcher - Indexable file iteration took 2898ms; general responsiveness: ok; EDT responsiveness: ok 
2016-08-25 15:37:11,264 [  13927]   INFO -       #com.jetbrains.cidr.lang - Clearing symbols finished in 0 s. 
2016-08-25 15:37:11,293 [  13956]   INFO -       #com.jetbrains.cidr.lang - Loading symbols finished in 0 s. 
2016-08-25 15:37:11,391 [  14054]   INFO -       #com.jetbrains.cidr.lang - Building symbols finished in 0 s. 
2016-08-25 15:37:11,404 [  14067]   INFO -       #com.jetbrains.cidr.lang - Saving symbols finished in 0 s. 
2016-08-25 15:37:11,552 [  14215]   INFO - dea.updater.SdkComponentSource - Downloading https://dl.google.com/android/repository/glass/addon2-1.xml 
2016-08-25 15:37:12,393 [  15056]   INFO - dea.updater.SdkComponentSource - Downloading https://dl.google.com/android/repository/extras/intel/addon2-1.xml 
2016-08-25 15:37:13,020 [  15683]   INFO - s.impl.ProjectManagerComponent - project roots have changed 
2016-08-25 15:37:13,061 [  15724]   INFO - util.EmbeddedDistributionPaths - Looking for embedded Gradle distribution at '/home/moony/Documents/android-studio/gradle/gradle-2.14.1' 
2016-08-25 15:37:13,061 [  15724]   INFO - util.EmbeddedDistributionPaths - Found embedded Gradle 2.14.1 
2016-08-25 15:37:13,178 [  15841]   INFO - oid.AndroidSdkModuleCustomizer - Setting SDK in the module model: Android API 22 Platform @ /home/moony/Android/Sdk 
2016-08-25 15:37:13,199 [  15862]   INFO - oid.AndroidSdkModuleCustomizer - Setting SDK in the module model: Android API 22 Platform @ /home/moony/Android/Sdk 
2016-08-25 15:37:13,224 [  15887]   INFO - oid.AndroidSdkModuleCustomizer - Setting SDK in the module model: Android API 22 Platform @ /home/moony/Android/Sdk 
2016-08-25 15:37:13,231 [  15894]   INFO - oid.AndroidSdkModuleCustomizer - Setting SDK in the module model: Android API 22 Platform @ /home/moony/Android/Sdk 
2016-08-25 15:37:13,270 [  15933]   INFO - ellij.project.impl.ProjectImpl - 20 project components initialized in 25 ms 
2016-08-25 15:37:13,271 [  15934]   INFO - le.impl.ModuleManagerComponent - 0 module(s) loaded in 0 ms 
2016-08-25 15:37:13,436 [  16099]   INFO - dea.updater.SdkComponentSource - Downloading https://dl.google.com/android/repository/repository-12.xml 
2016-08-25 15:37:13,672 [  16335]   INFO - s.impl.ProjectManagerComponent - project roots have changed 
2016-08-25 15:37:13,690 [  16353]   INFO - .PostProjectSetupTasksExecutor - Gradle model version: 2.1.3, latest version for IDE: 2.1.3 
2016-08-25 15:37:13,752 [  16415]   INFO - s.impl.ProjectManagerComponent - project roots have changed 
2016-08-25 15:37:13,956 [  16619]   INFO - ls.idea.gradle.GradleSyncState - Skipped sync with Gradle for project 'android'. Data model(s) loaded from cache. 
2016-08-25 15:37:14,175 [  16838]   INFO - dea.updater.SdkComponentSource - Downloading https://dl.google.com/android/repository/repository2-1.xml 
2016-08-25 15:37:15,210 [  17873]   INFO - .diagnostic.PerformanceWatcher - Pushing properties took 38ms; general responsiveness: ok; EDT responsiveness: ok 
2016-08-25 15:37:15,320 [  17983]   INFO - .diagnostic.PerformanceWatcher - Indexable file iteration took 110ms; general responsiveness: ok; EDT responsiveness: ok 
2016-08-25 15:37:15,332 [  17995]   INFO -       #com.jetbrains.cidr.lang - Clearing symbols finished in 0 s. 
2016-08-25 15:37:15,363 [  18026]   INFO -       #com.jetbrains.cidr.lang - Loading symbols finished in 0 s. 
2016-08-25 15:37:15,381 [  18044]   INFO -       #com.jetbrains.cidr.lang - Building symbols finished in 0 s. 
2016-08-25 15:37:15,382 [  18045]   INFO -       #com.jetbrains.cidr.lang - Saving symbols finished in 0 s. 
2016-08-25 15:37:15,973 [  18636]   INFO - lij.tasks.impl.TaskManagerImpl - Updating issues cache (every 20 min) 
2016-08-25 15:37:17,287 [  19950]   INFO - attrs.AttributeDefinitionsImpl - Found tag with unknown parent: AndroidManifest.AndroidManifestSupportsInput 
2016-08-25 15:37:17,287 [  19950]   INFO - attrs.AttributeDefinitionsImpl - Found tag with unknown parent: AndroidManifest.AndroidManifestCompatibleScreens 
2016-08-25 15:37:25,328 [  27991]   WARN - ConfigurableExtensionPointUtil - ignore deprecated groupId: editor for id: editor.preferences.import 
2016-08-25 15:39:09,660 [ 132323]   WARN - ConfigurableExtensionPointUtil - ignore deprecated groupId: editor for id: editor.preferences.import 
2016-08-25 15:40:11,755 [ 194418]   WARN - ConfigurableExtensionPointUtil - ignore deprecated groupId: editor for id: editor.preferences.import 
2016-08-25 15:40:51,531 [ 234194]   WARN - ConfigurableExtensionPointUtil - ignore deprecated groupId: editor for id: editor.preferences.import 
2016-08-25 15:42:29,811 [ 332474]   WARN - ConfigurableExtensionPointUtil - ignore deprecated groupId: editor for id: editor.preferences.import 
2016-08-25 15:45:50,587 [ 533250]   WARN - ConfigurableExtensionPointUtil - ignore deprecated groupId: editor for id: editor.preferences.import 
2016-08-25 15:46:09,655 [ 552318]   INFO - 2.RepoProgressIndicatorAdapter - Parsing /home/moony/Android/Sdk/platforms/android-24/package.xml 
2016-08-25 15:46:09,664 [ 552327]   INFO - 2.RepoProgressIndicatorAdapter - Parsing /home/moony/Android/Sdk/platforms/android-22/package.xml 
2016-08-25 15:46:09,670 [ 552333]   INFO - 2.RepoProgressIndicatorAdapter - Parsing /home/moony/Android/Sdk/platforms/android-21/package.xml 
2016-08-25 15:46:09,680 [ 552343]   INFO - 2.RepoProgressIndicatorAdapter - Parsing /home/moony/Android/Sdk/platforms/android-23/package.xml 
2016-08-25 15:46:09,686 [ 552349]   INFO - 2.RepoProgressIndicatorAdapter - Parsing /home/moony/Android/Sdk/extras/google/m2repository/package.xml 
2016-08-25 15:46:09,691 [ 552354]   INFO - 2.RepoProgressIndicatorAdapter - Parsing /home/moony/Android/Sdk/extras/android/m2repository/package.xml 
2016-08-25 15:46:09,697 [ 552360]   INFO - 2.RepoProgressIndicatorAdapter - Parsing /home/moony/Android/Sdk/sources/android-22/package.xml 
2016-08-25 15:46:09,703 [ 552366]   INFO - 2.RepoProgressIndicatorAdapter - Parsing /home/moony/Android/Sdk/sources/android-21/package.xml 
2016-08-25 15:46:09,712 [ 552375]   INFO - 2.RepoProgressIndicatorAdapter - Parsing /home/moony/Android/Sdk/sources/android-23/package.xml 
2016-08-25 15:46:09,717 [ 552380]   INFO - 2.RepoProgressIndicatorAdapter - Parsing /home/moony/Android/Sdk/platform-tools/package.xml 
2016-08-25 15:46:09,722 [ 552385]   INFO - 2.RepoProgressIndicatorAdapter - Parsing /home/moony/Android/Sdk/platforms/android-24/package.xml 
2016-08-25 15:46:09,730 [ 552393]   INFO - 2.RepoProgressIndicatorAdapter - Parsing /home/moony/Android/Sdk/tools/package.xml 
2016-08-25 15:46:09,733 [ 552396]   INFO - 2.RepoProgressIndicatorAdapter - Parsing /home/moony/Android/Sdk/platforms/android-22/package.xml 
2016-08-25 15:46:09,739 [ 552402]   INFO - 2.RepoProgressIndicatorAdapter - Parsing /home/moony/Android/Sdk/platforms/android-21/package.xml 
2016-08-25 15:46:09,744 [ 552407]   INFO - 2.RepoProgressIndicatorAdapter - Parsing /home/moony/Android/Sdk/platforms/android-23/package.xml 
2016-08-25 15:46:09,744 [ 552407]   INFO - 2.RepoProgressIndicatorAdapter - Parsing /home/moony/Android/Sdk/build-tools/24.0.1/package.xml 
2016-08-25 15:46:09,758 [ 552421]   INFO - 2.RepoProgressIndicatorAdapter - Parsing /home/moony/Android/Sdk/build-tools/23.0.3/package.xml 
2016-08-25 15:46:09,762 [ 552425]   INFO - 2.RepoProgressIndicatorAdapter - Parsing /home/moony/Android/Sdk/extras/google/m2repository/package.xml 
2016-08-25 15:46:09,774 [ 552437]   INFO - 2.RepoProgressIndicatorAdapter - Parsing /home/moony/Android/Sdk/build-tools/22.0.1/package.xml 
2016-08-25 15:46:09,774 [ 552437]   INFO - 2.RepoProgressIndicatorAdapter - Parsing /home/moony/Android/Sdk/extras/android/m2repository/package.xml 
2016-08-25 15:46:09,781 [ 552444]   INFO - 2.RepoProgressIndicatorAdapter - Parsing /home/moony/Android/Sdk/build-tools/23.0.1/package.xml 
2016-08-25 15:46:09,781 [ 552444]   INFO - 2.RepoProgressIndicatorAdapter - Parsing /home/moony/Android/Sdk/sources/android-22/package.xml 
2016-08-25 15:46:09,792 [ 552455]   INFO - 2.RepoProgressIndicatorAdapter - Downloading https://dl.google.com/android/repository/sys-img/android/sys-img2-1.xml 
2016-08-25 15:46:09,792 [ 552455]   INFO - 2.RepoProgressIndicatorAdapter - Parsing /home/moony/Android/Sdk/sources/android-21/package.xml 
2016-08-25 15:46:09,802 [ 552465]   INFO - 2.RepoProgressIndicatorAdapter - Parsing /home/moony/Android/Sdk/sources/android-23/package.xml 
2016-08-25 15:46:09,810 [ 552473]   INFO - 2.RepoProgressIndicatorAdapter - Parsing /home/moony/Android/Sdk/platform-tools/package.xml 
2016-08-25 15:46:09,816 [ 552479]   INFO - 2.RepoProgressIndicatorAdapter - Parsing /home/moony/Android/Sdk/tools/package.xml 
2016-08-25 15:46:09,822 [ 552485]   INFO - 2.RepoProgressIndicatorAdapter - Parsing /home/moony/Android/Sdk/build-tools/24.0.1/package.xml 
2016-08-25 15:46:09,829 [ 552492]   INFO - 2.RepoProgressIndicatorAdapter - Parsing /home/moony/Android/Sdk/build-tools/23.0.3/package.xml 
2016-08-25 15:46:09,835 [ 552498]   INFO - 2.RepoProgressIndicatorAdapter - Parsing /home/moony/Android/Sdk/build-tools/22.0.1/package.xml 
2016-08-25 15:46:09,851 [ 552514]   INFO - 2.RepoProgressIndicatorAdapter - Parsing /home/moony/Android/Sdk/build-tools/23.0.1/package.xml 
2016-08-25 15:46:09,865 [ 552528]   INFO - 2.RepoProgressIndicatorAdapter - Downloading https://dl.google.com/android/repository/sys-img/android/sys-img2-1.xml 
2016-08-25 15:46:11,121 [ 553784]   INFO - 2.RepoProgressIndicatorAdapter - Downloading https://dl.google.com/android/repository/sys-img/android-wear/sys-img2-1.xml 
2016-08-25 15:46:11,982 [ 554645]   INFO - 2.RepoProgressIndicatorAdapter - Downloading https://dl.google.com/android/repository/sys-img/android-tv/sys-img2-1.xml 
2016-08-25 15:46:12,297 [ 554960]   INFO - 2.RepoProgressIndicatorAdapter - Downloading https://dl.google.com/android/repository/sys-img/google_apis/sys-img2-1.xml 
2016-08-25 15:46:12,611 [ 555274]   INFO - 2.RepoProgressIndicatorAdapter - Downloading https://dl.google.com/android/repository/addon2-1.xml 
2016-08-25 15:46:13,258 [ 555921]   INFO - 2.RepoProgressIndicatorAdapter - Downloading https://dl.google.com/android/repository/sys-img/android-wear/sys-img2-1.xml 
2016-08-25 15:46:13,651 [ 556314]   INFO - 2.RepoProgressIndicatorAdapter - Downloading https://dl.google.com/android/repository/glass/addon2-1.xml 
2016-08-25 15:46:14,077 [ 556740]   INFO - 2.RepoProgressIndicatorAdapter - Downloading https://dl.google.com/android/repository/sys-img/android-tv/sys-img2-1.xml 
2016-08-25 15:46:16,064 [ 558727]   INFO - .diagnostic.PerformanceWatcher - High memory usage (free 68 of 403 MB) while dumping threads to /home/moony/custom/system/log/threadDumps-20160825-153659-AI-143.3101438/20160825-154614/threadDump-20160825-154614.txt 
2016-08-25 15:46:16,105 [ 558768]   INFO - 2.RepoProgressIndicatorAdapter - Downloading https://dl.google.com/android/repository/extras/intel/addon2-1.xml 
2016-08-25 15:46:16,107 [ 558770]   INFO - 2.RepoProgressIndicatorAdapter - Downloading https://dl.google.com/android/repository/sys-img/google_apis/sys-img2-1.xml 
2016-08-25 15:46:16,370 [ 559033]   INFO - 2.RepoProgressIndicatorAdapter - Downloading https://dl.google.com/android/repository/addon2-1.xml 
2016-08-25 15:46:16,877 [ 559540]   INFO - 2.RepoProgressIndicatorAdapter - Downloading https://dl.google.com/android/repository/repository-12.xml 
2016-08-25 15:46:17,551 [ 560214]   INFO - 2.RepoProgressIndicatorAdapter - Downloading https://dl.google.com/android/repository/glass/addon2-1.xml 
2016-08-25 15:46:17,968 [ 560631]   INFO - 2.RepoProgressIndicatorAdapter - Downloading https://dl.google.com/android/repository/repository2-1.xml 
2016-08-25 15:46:18,232 [ 560895]   INFO - 2.RepoProgressIndicatorAdapter - Downloading https://dl.google.com/android/repository/extras/intel/addon2-1.xml 
2016-08-25 15:46:18,544 [ 561207]   INFO - 2.RepoProgressIndicatorAdapter - Downloading https://dl.google.com/android/repository/repository-12.xml 
2016-08-25 15:46:18,790 [ 561453]   INFO - 2.RepoProgressIndicatorAdapter - Downloading https://dl.google.com/android/repository/repository2-1.xml 
2016-08-25 15:47:01,467 [ 604130]   WARN - ConfigurableExtensionPointUtil - ignore deprecated groupId: editor for id: editor.preferences.import 
